{"/home/arun/Projects/kingdom_nation_temp/christmas-event/src/app-router.ts": {"path":"/home/arun/Projects/kingdom_nation_temp/christmas-event/src/app-router.ts","statementMap":{"0":{"start":{"line":1,"column":0},"end":{"line":1,"column":30}},"1":{"start":{"line":4,"column":0},"end":{"line":4,"column":null}},"2":{"start":{"line":9,"column":11},"end":{"line":13,"column":6}},"3":{"start":{"line":10,"column":8},"end":{"line":10,"column":73}},"4":{"start":{"line":10,"column":34},"end":{"line":10,"column":73}},"5":{"start":{"line":12,"column":8},"end":{"line":12,"column":35}},"6":{"start":{"line":14,"column":0},"end":{"line":14,"column":2}},"7":{"start":{"line":17,"column":4},"end":{"line":17,"column":13}}},"fnMap":{"0":{"name":"(anonymous_1)","decl":{"start":{"line":4,"column":0},"end":{"line":4,"column":null}},"loc":{"start":{"line":4,"column":0},"end":{"line":14,"column":1}}},"1":{"name":"AppRouter","decl":{"start":{"line":7,"column":4},"end":{"line":7,"column":28}},"loc":{"start":{"line":7,"column":4},"end":{"line":7,"column":29}}},"2":{"name":"(anonymous_3)","decl":{"start":{"line":9,"column":4},"end":{"line":9,"column":11}},"loc":{"start":{"line":9,"column":4},"end":{"line":13,"column":5}}}},"branchMap":{"0":{"loc":{"start":{"line":10,"column":8},"end":{"line":10,"column":73}},"type":"if","locations":[{"start":{"line":10,"column":8},"end":{"line":10,"column":73}}]}},"s":{"0":6,"1":6,"2":6,"3":6,"4":6,"5":6,"6":6,"7":6},"f":{"0":6,"1":0,"2":6},"b":{"0":[6]}}
,"/home/arun/Projects/kingdom_nation_temp/christmas-event/src/server.ts": {"path":"/home/arun/Projects/kingdom_nation_temp/christmas-event/src/server.ts","statementMap":{"0":{"start":{"line":1,"column":0},"end":{"line":1,"column":30}},"1":{"start":{"line":2,"column":0},"end":{"line":2,"column":29}},"2":{"start":{"line":3,"column":0},"end":{"line":3,"column":31}},"3":{"start":{"line":4,"column":0},"end":{"line":4,"column":20}},"4":{"start":{"line":5,"column":0},"end":{"line":5,"column":38}},"5":{"start":{"line":7,"column":12},"end":{"line":7,"column":21}},"6":{"start":{"line":21,"column":17},"end":{"line":21,"column":20}},"7":{"start":{"line":21,"column":9},"end":{"line":21,"column":15}},"8":{"start":{"line":10,"column":20},"end":{"line":10,"column":40}},"9":{"start":{"line":12,"column":0},"end":{"line":19,"column":39}},"10":{"start":{"line":13,"column":20},"end":{"line":16,"column":6}},"11":{"start":{"line":18,"column":4},"end":{"line":18,"column":46}},"12":{"start":{"line":19,"column":7},"end":{"line":19,"column":39}}},"fnMap":{},"branchMap":{"0":{"loc":{"start":{"line":12,"column":0},"end":{"line":19,"column":39}},"type":"if","locations":[{"start":{"line":12,"column":0},"end":{"line":19,"column":39}},{"start":{"line":19,"column":7},"end":{"line":19,"column":39}}]},"1":{"loc":{"start":{"line":12,"column":4},"end":{"line":12,"column":81}},"type":"binary-expr","locations":[{"start":{"line":12,"column":4},"end":{"line":12,"column":42}},{"start":{"line":12,"column":46},"end":{"line":12,"column":81}}]}},"s":{"0":6,"1":6,"2":6,"3":6,"4":6,"5":6,"6":6,"7":6,"8":6,"9":6,"10":0,"11":0,"12":6},"f":{},"b":{"0":[0,6],"1":[6,6]}}
,"/home/arun/Projects/kingdom_nation_temp/christmas-event/src/users/index.ts": {"path":"/home/arun/Projects/kingdom_nation_temp/christmas-event/src/users/index.ts","statementMap":{"0":{"start":{"line":3,"column":0},"end":{"line":3,"column":34}},"1":{"start":{"line":6,"column":0},"end":{"line":6,"column":40}},"2":{"start":{"line":9,"column":0},"end":{"line":9,"column":46}}},"fnMap":{},"branchMap":{},"s":{"0":6,"1":6,"2":6},"f":{},"b":{}}
,"/home/arun/Projects/kingdom_nation_temp/christmas-event/src/users/controllers/user.controller.ts": {"path":"/home/arun/Projects/kingdom_nation_temp/christmas-event/src/users/controllers/user.controller.ts","statementMap":{"0":{"start":{"line":2,"column":0},"end":{"line":2,"column":194}},"1":{"start":{"line":4,"column":49},"end":{"line":4,"column":80}},"2":{"start":{"line":5,"column":37},"end":{"line":5,"column":62}},"3":{"start":{"line":6,"column":43},"end":{"line":6,"column":71}},"4":{"start":{"line":10,"column":0},"end":{"line":10,"column":6}},"5":{"start":{"line":10,"column":6},"end":{"line":13,"column":2}},"6":{"start":{"line":13,"column":0},"end":{"line":13,"column":2}},"7":{"start":{"line":16,"column":4},"end":{"line":16,"column":18}}},"fnMap":{"0":{"name":"(anonymous_1)","decl":{"start":{"line":10,"column":0},"end":{"line":10,"column":6}},"loc":{"start":{"line":10,"column":0},"end":{"line":10,"column":6}}}},"branchMap":{},"s":{"0":6,"1":6,"2":6,"3":6,"4":6,"5":6,"6":6,"7":6},"f":{"0":6},"b":{}}
,"/home/arun/Projects/kingdom_nation_temp/christmas-event/src/users/pipes/user.pipe.ts": {"path":"/home/arun/Projects/kingdom_nation_temp/christmas-event/src/users/pipes/user.pipe.ts","statementMap":{"0":{"start":{"line":5,"column":0},"end":{"line":5,"column":null}},"1":{"start":{"line":11,"column":11},"end":{"line":15,"column":6}},"2":{"start":{"line":12,"column":8},"end":{"line":12,"column":69}},"3":{"start":{"line":12,"column":33},"end":{"line":12,"column":69}},"4":{"start":{"line":14,"column":8},"end":{"line":14,"column":34}},"5":{"start":{"line":18,"column":0},"end":{"line":18,"column":2}},"6":{"start":{"line":21,"column":4},"end":{"line":21,"column":12}}},"fnMap":{"0":{"name":"(anonymous_0)","decl":{"start":{"line":5,"column":0},"end":{"line":5,"column":null}},"loc":{"start":{"line":5,"column":0},"end":{"line":18,"column":1}}},"1":{"name":"UserPipe","decl":{"start":{"line":9,"column":4},"end":{"line":9,"column":20}},"loc":{"start":{"line":9,"column":4},"end":{"line":9,"column":21}}},"2":{"name":"(anonymous_2)","decl":{"start":{"line":11,"column":4},"end":{"line":11,"column":11}},"loc":{"start":{"line":11,"column":4},"end":{"line":15,"column":5}}}},"branchMap":{"0":{"loc":{"start":{"line":12,"column":8},"end":{"line":12,"column":69}},"type":"if","locations":[{"start":{"line":12,"column":8},"end":{"line":12,"column":69}}]}},"s":{"0":6,"1":6,"2":0,"3":0,"4":0,"5":6,"6":6},"f":{"0":6,"1":0,"2":0},"b":{"0":[0]}}
,"/home/arun/Projects/kingdom_nation_temp/christmas-event/src/users/services/user.service.ts": {"path":"/home/arun/Projects/kingdom_nation_temp/christmas-event/src/users/services/user.service.ts","statementMap":{"0":{"start":{"line":2,"column":0},"end":{"line":2,"column":131}},"1":{"start":{"line":5,"column":0},"end":{"line":5,"column":null}},"2":{"start":{"line":8,"column":12},"end":{"line":8,"column":80}},"3":{"start":{"line":9,"column":12},"end":{"line":9,"column":83}},"4":{"start":{"line":13,"column":8},"end":{"line":13,"column":49}},"5":{"start":{"line":16,"column":11},"end":{"line":20,"column":6}},"6":{"start":{"line":17,"column":8},"end":{"line":17,"column":78}},"7":{"start":{"line":17,"column":36},"end":{"line":17,"column":78}},"8":{"start":{"line":19,"column":8},"end":{"line":19,"column":37}},"9":{"start":{"line":23,"column":0},"end":{"line":23,"column":2}},"10":{"start":{"line":26,"column":4},"end":{"line":26,"column":15}}},"fnMap":{"0":{"name":"(anonymous_0)","decl":{"start":{"line":5,"column":0},"end":{"line":5,"column":null}},"loc":{"start":{"line":5,"column":0},"end":{"line":23,"column":1}}},"1":{"name":"UserService","decl":{"start":{"line":12,"column":4},"end":{"line":12,"column":null}},"loc":{"start":{"line":12,"column":4},"end":{"line":14,"column":5}}},"2":{"name":"(anonymous_2)","decl":{"start":{"line":16,"column":4},"end":{"line":16,"column":11}},"loc":{"start":{"line":16,"column":4},"end":{"line":20,"column":5}}}},"branchMap":{"0":{"loc":{"start":{"line":17,"column":8},"end":{"line":17,"column":78}},"type":"if","locations":[{"start":{"line":17,"column":8},"end":{"line":17,"column":78}}]}},"s":{"0":6,"1":6,"2":0,"3":0,"4":0,"5":6,"6":0,"7":0,"8":0,"9":6,"10":6},"f":{"0":6,"1":0,"2":0},"b":{"0":[0]}}
,"/home/arun/Projects/kingdom_nation_temp/christmas-event/src/users/validations/user.validation.ts": {"path":"/home/arun/Projects/kingdom_nation_temp/christmas-event/src/users/validations/user.validation.ts","statementMap":{"0":{"start":{"line":5,"column":0},"end":{"line":5,"column":null}},"1":{"start":{"line":11,"column":11},"end":{"line":15,"column":6}},"2":{"start":{"line":12,"column":8},"end":{"line":12,"column":87}},"3":{"start":{"line":12,"column":39},"end":{"line":12,"column":87}},"4":{"start":{"line":14,"column":8},"end":{"line":14,"column":40}},"5":{"start":{"line":18,"column":0},"end":{"line":18,"column":2}},"6":{"start":{"line":21,"column":4},"end":{"line":21,"column":18}}},"fnMap":{"0":{"name":"(anonymous_0)","decl":{"start":{"line":5,"column":0},"end":{"line":5,"column":null}},"loc":{"start":{"line":5,"column":0},"end":{"line":18,"column":1}}},"1":{"name":"UserValidation","decl":{"start":{"line":9,"column":4},"end":{"line":9,"column":20}},"loc":{"start":{"line":9,"column":4},"end":{"line":9,"column":21}}},"2":{"name":"(anonymous_2)","decl":{"start":{"line":11,"column":4},"end":{"line":11,"column":11}},"loc":{"start":{"line":11,"column":4},"end":{"line":15,"column":5}}}},"branchMap":{"0":{"loc":{"start":{"line":12,"column":8},"end":{"line":12,"column":87}},"type":"if","locations":[{"start":{"line":12,"column":8},"end":{"line":12,"column":87}}]}},"s":{"0":6,"1":6,"2":0,"3":0,"4":0,"5":6,"6":6},"f":{"0":6,"1":0,"2":0},"b":{"0":[0]}}
,"/home/arun/Projects/kingdom_nation_temp/christmas-event/src/utils/config.ts": {"path":"/home/arun/Projects/kingdom_nation_temp/christmas-event/src/utils/config.ts","statementMap":{"0":{"start":{"line":1,"column":0},"end":{"line":1,"column":26}},"1":{"start":{"line":2,"column":0},"end":{"line":2,"column":38}},"2":{"start":{"line":3,"column":0},"end":{"line":3,"column":40}},"3":{"start":{"line":14,"column":0},"end":{"line":14,"column":22}},"4":{"start":{"line":19,"column":0},"end":{"line":19,"column":2}},"5":{"start":{"line":14,"column":22},"end":{"line":14,"column":32}},"6":{"start":{"line":21,"column":0},"end":{"line":21,"column":null}},"7":{"start":{"line":21,"column":28},"end":{"line":21,"column":38}},"8":{"start":{"line":28,"column":8},"end":{"line":28,"column":null}},"9":{"start":{"line":24,"column":12},"end":{"line":24,"column":34}},"10":{"start":{"line":25,"column":12},"end":{"line":25,"column":40}},"11":{"start":{"line":31,"column":4},"end":{"line":34,"column":6}},"12":{"start":{"line":32,"column":8},"end":{"line":32,"column":133}},"13":{"start":{"line":32,"column":30},"end":{"line":32,"column":133}},"14":{"start":{"line":33,"column":8},"end":{"line":33,"column":27}},"15":{"start":{"line":36,"column":11},"end":{"line":40,"column":6}},"16":{"start":{"line":37,"column":8},"end":{"line":37,"column":63}},"17":{"start":{"line":37,"column":31},"end":{"line":37,"column":63}},"18":{"start":{"line":39,"column":8},"end":{"line":39,"column":32}},"19":{"start":{"line":42,"column":4},"end":{"line":67,"column":6}},"20":{"start":{"line":43,"column":8},"end":{"line":66,"column":10}},"21":{"start":{"line":44,"column":12},"end":{"line":44,"column":35}},"22":{"start":{"line":45,"column":23},"end":{"line":45,"column":25}},"23":{"start":{"line":46,"column":12},"end":{"line":61,"column":18}},"24":{"start":{"line":47,"column":16},"end":{"line":49,"column":18}},"25":{"start":{"line":50,"column":17},"end":{"line":61,"column":18}},"26":{"start":{"line":51,"column":16},"end":{"line":53,"column":18}},"27":{"start":{"line":54,"column":17},"end":{"line":61,"column":18}},"28":{"start":{"line":55,"column":16},"end":{"line":57,"column":18}},"29":{"start":{"line":59,"column":16},"end":{"line":61,"column":18}},"30":{"start":{"line":63,"column":12},"end":{"line":63,"column":83}},"31":{"start":{"line":65,"column":12},"end":{"line":65,"column":24}},"32":{"start":{"line":68,"column":0},"end":{"line":68,"column":2}},"33":{"start":{"line":21,"column":13},"end":{"line":21,"column":19}}},"fnMap":{"0":{"name":"(anonymous_9)","decl":{"start":{"line":14,"column":0},"end":{"line":14,"column":22}},"loc":{"start":{"line":14,"column":0},"end":{"line":19,"column":1}}},"1":{"name":"BaseConfig","decl":{"start":{"line":15,"column":4},"end":{"line":15,"column":20}},"loc":{"start":{"line":15,"column":4},"end":{"line":15,"column":21}}},"2":{"name":"(anonymous_11)","decl":{"start":{"line":21,"column":0},"end":{"line":21,"column":13}},"loc":{"start":{"line":21,"column":0},"end":{"line":68,"column":1}}},"3":{"name":"Config","decl":{"start":{"line":27,"column":4},"end":{"line":27,"column":null}},"loc":{"start":{"line":27,"column":4},"end":{"line":29,"column":5}}},"4":{"name":"(anonymous_13)","decl":{"start":{"line":31,"column":4},"end":{"line":31,"column":8}},"loc":{"start":{"line":31,"column":4},"end":{"line":34,"column":5}}},"5":{"name":"(anonymous_14)","decl":{"start":{"line":36,"column":4},"end":{"line":36,"column":11}},"loc":{"start":{"line":36,"column":4},"end":{"line":40,"column":5}}},"6":{"name":"(anonymous_15)","decl":{"start":{"line":42,"column":4},"end":{"line":42,"column":7}},"loc":{"start":{"line":42,"column":55},"end":{"line":67,"column":5}}}},"branchMap":{"0":{"loc":{"start":{"line":28,"column":8},"end":{"line":28,"column":null}},"type":"binary-expr","locations":[{"start":{"line":28,"column":8},"end":{"line":28,"column":15}},{"start":{"line":28,"column":15},"end":{"line":28,"column":null}}]},"1":{"loc":{"start":{"line":32,"column":8},"end":{"line":32,"column":133}},"type":"if","locations":[{"start":{"line":32,"column":8},"end":{"line":32,"column":133}}]},"2":{"loc":{"start":{"line":37,"column":8},"end":{"line":37,"column":63}},"type":"if","locations":[{"start":{"line":37,"column":8},"end":{"line":37,"column":63}}]},"3":{"loc":{"start":{"line":46,"column":12},"end":{"line":61,"column":18}},"type":"if","locations":[{"start":{"line":46,"column":12},"end":{"line":61,"column":18}},{"start":{"line":50,"column":17},"end":{"line":61,"column":18}}]},"4":{"loc":{"start":{"line":50,"column":17},"end":{"line":61,"column":18}},"type":"if","locations":[{"start":{"line":50,"column":17},"end":{"line":61,"column":18}},{"start":{"line":54,"column":17},"end":{"line":61,"column":18}}]},"5":{"loc":{"start":{"line":54,"column":17},"end":{"line":61,"column":18}},"type":"if","locations":[{"start":{"line":54,"column":17},"end":{"line":61,"column":18}},{"start":{"line":59,"column":16},"end":{"line":61,"column":18}}]}},"s":{"0":6,"1":6,"2":6,"3":6,"4":6,"5":6,"6":6,"7":6,"8":0,"9":0,"10":0,"11":6,"12":0,"13":0,"14":0,"15":6,"16":0,"17":0,"18":0,"19":6,"20":0,"21":0,"22":0,"23":0,"24":0,"25":0,"26":0,"27":0,"28":0,"29":0,"30":0,"31":0,"32":6,"33":6},"f":{"0":6,"1":0,"2":6,"3":0,"4":0,"5":0,"6":0},"b":{"0":[0,0],"1":[0],"2":[0],"3":[0,0],"4":[0,0],"5":[0,0]}}
,"/home/arun/Projects/kingdom_nation_temp/christmas-event/src/utils/cors.ts": {"path":"/home/arun/Projects/kingdom_nation_temp/christmas-event/src/utils/cors.ts","statementMap":{"0":{"start":{"line":1,"column":0},"end":{"line":1,"column":39}},"1":{"start":{"line":3,"column":27},"end":{"line":29,"column":1}},"2":{"start":{"line":4,"column":32},"end":{"line":4,"column":34}},"3":{"start":{"line":6,"column":4},"end":{"line":14,"column":null}},"4":{"start":{"line":7,"column":8},"end":{"line":7,"column":25}},"5":{"start":{"line":8,"column":11},"end":{"line":14,"column":null}},"6":{"start":{"line":9,"column":8},"end":{"line":9,"column":25}},"7":{"start":{"line":10,"column":11},"end":{"line":14,"column":null}},"8":{"start":{"line":11,"column":8},"end":{"line":11,"column":48}},"9":{"start":{"line":12,"column":11},"end":{"line":14,"column":null}},"10":{"start":{"line":13,"column":8},"end":{"line":13,"column":48}},"11":{"start":{"line":17,"column":22},"end":{"line":27,"column":6}},"12":{"start":{"line":28,"column":4},"end":{"line":28,"column":32}},"13":{"start":{"line":3,"column":13},"end":{"line":3,"column":27}}},"fnMap":{"0":{"name":"(anonymous_0)","decl":{"start":{"line":3,"column":27},"end":{"line":3,"column":37}},"loc":{"start":{"line":3,"column":60},"end":{"line":29,"column":1}}}},"branchMap":{"0":{"loc":{"start":{"line":6,"column":4},"end":{"line":14,"column":null}},"type":"if","locations":[{"start":{"line":6,"column":4},"end":{"line":14,"column":null}},{"start":{"line":8,"column":11},"end":{"line":14,"column":null}}]},"1":{"loc":{"start":{"line":8,"column":11},"end":{"line":14,"column":null}},"type":"if","locations":[{"start":{"line":8,"column":11},"end":{"line":14,"column":null}},{"start":{"line":10,"column":11},"end":{"line":14,"column":null}}]},"2":{"loc":{"start":{"line":10,"column":11},"end":{"line":14,"column":null}},"type":"if","locations":[{"start":{"line":10,"column":11},"end":{"line":14,"column":null}},{"start":{"line":12,"column":11},"end":{"line":14,"column":null}}]},"3":{"loc":{"start":{"line":12,"column":11},"end":{"line":14,"column":null}},"type":"if","locations":[{"start":{"line":12,"column":11},"end":{"line":14,"column":null}}]}},"s":{"0":6,"1":6,"2":0,"3":0,"4":0,"5":0,"6":0,"7":0,"8":0,"9":0,"10":0,"11":0,"12":0,"13":6},"f":{"0":0},"b":{"0":[0,0],"1":[0,0],"2":[0,0],"3":[0]}}
,"/home/arun/Projects/kingdom_nation_temp/christmas-event/src/utils/index.ts": {"path":"/home/arun/Projects/kingdom_nation_temp/christmas-event/src/utils/index.ts","statementMap":{"0":{"start":{"line":1,"column":0},"end":{"line":1,"column":25}},"1":{"start":{"line":3,"column":0},"end":{"line":3,"column":26}},"2":{"start":{"line":5,"column":0},"end":{"line":5,"column":29}},"3":{"start":{"line":7,"column":0},"end":{"line":7,"column":23}},"4":{"start":{"line":9,"column":0},"end":{"line":9,"column":25}},"5":{"start":{"line":11,"column":0},"end":{"line":11,"column":28}},"6":{"start":{"line":13,"column":0},"end":{"line":13,"column":26}},"7":{"start":{"line":15,"column":0},"end":{"line":15,"column":30}},"8":{"start":{"line":17,"column":0},"end":{"line":17,"column":22}},"9":{"start":{"line":19,"column":0},"end":{"line":19,"column":27}},"10":{"start":{"line":21,"column":0},"end":{"line":21,"column":24}},"11":{"start":{"line":23,"column":0},"end":{"line":23,"column":25}},"12":{"start":{"line":25,"column":0},"end":{"line":25,"column":25}}},"fnMap":{},"branchMap":{},"s":{"0":6,"1":6,"2":6,"3":6,"4":6,"5":6,"6":6,"7":6,"8":6,"9":6,"10":6,"11":6,"12":6},"f":{},"b":{}}
,"/home/arun/Projects/kingdom_nation_temp/christmas-event/src/utils/loader.ts": {"path":"/home/arun/Projects/kingdom_nation_temp/christmas-event/src/utils/loader.ts","statementMap":{"0":{"start":{"line":3,"column":0},"end":{"line":3,"column":65}},"1":{"start":{"line":5,"column":0},"end":{"line":5,"column":49}},"2":{"start":{"line":6,"column":0},"end":{"line":6,"column":34}},"3":{"start":{"line":9,"column":15},"end":{"line":30,"column":2}},"4":{"start":{"line":9,"column":55},"end":{"line":30,"column":2}},"5":{"start":{"line":11,"column":10},"end":{"line":11,"column":74}},"6":{"start":{"line":12,"column":8},"end":{"line":12,"column":74}},"7":{"start":{"line":15,"column":4},"end":{"line":17,"column":7}},"8":{"start":{"line":16,"column":8},"end":{"line":16,"column":82}},"9":{"start":{"line":18,"column":4},"end":{"line":20,"column":7}},"10":{"start":{"line":19,"column":8},"end":{"line":19,"column":33}},"11":{"start":{"line":23,"column":10},"end":{"line":23,"column":40}},"12":{"start":{"line":24,"column":4},"end":{"line":24,"column":38}},"13":{"start":{"line":27,"column":10},"end":{"line":27,"column":40}},"14":{"start":{"line":28,"column":4},"end":{"line":28,"column":23}},"15":{"start":{"line":33,"column":4},"end":{"line":33,"column":10}}},"fnMap":{"0":{"name":"(anonymous_13)","decl":{"start":{"line":9,"column":15},"end":{"line":9,"column":22}},"loc":{"start":{"line":9,"column":55},"end":{"line":30,"column":2}}},"1":{"name":"(anonymous_14)","decl":{"start":{"line":9,"column":55},"end":{"line":9,"column":null}},"loc":{"start":{"line":9,"column":55},"end":{"line":30,"column":2}}},"2":{"name":"(anonymous_16)","decl":{"start":{"line":15,"column":37},"end":{"line":15,"column":38}},"loc":{"start":{"line":15,"column":47},"end":{"line":17,"column":5}}},"3":{"name":"(anonymous_17)","decl":{"start":{"line":18,"column":36},"end":{"line":18,"column":46}},"loc":{"start":{"line":18,"column":55},"end":{"line":20,"column":5}}}},"branchMap":{},"s":{"0":6,"1":6,"2":6,"3":6,"4":0,"5":0,"6":0,"7":0,"8":0,"9":0,"10":0,"11":0,"12":0,"13":0,"14":0,"15":6},"f":{"0":0,"1":0,"2":0,"3":0},"b":{}}
,"/home/arun/Projects/kingdom_nation_temp/christmas-event/src/utils/routes.ts": {"path":"/home/arun/Projects/kingdom_nation_temp/christmas-event/src/utils/routes.ts","statementMap":{"0":{"start":{"line":1,"column":0},"end":{"line":1,"column":76}},"1":{"start":{"line":2,"column":0},"end":{"line":2,"column":24}},"2":{"start":{"line":3,"column":0},"end":{"line":3,"column":24}},"3":{"start":{"line":4,"column":0},"end":{"line":4,"column":37}},"4":{"start":{"line":5,"column":0},"end":{"line":5,"column":40}},"5":{"start":{"line":6,"column":0},"end":{"line":6,"column":45}},"6":{"start":{"line":8,"column":0},"end":{"line":8,"column":42}},"7":{"start":{"line":11,"column":0},"end":{"line":11,"column":46}},"8":{"start":{"line":14,"column":0},"end":{"line":14,"column":13}},"9":{"start":{"line":16,"column":12},"end":{"line":16,"column":null}},"10":{"start":{"line":19,"column":11},"end":{"line":23,"column":6}},"11":{"start":{"line":20,"column":8},"end":{"line":20,"column":63}},"12":{"start":{"line":20,"column":31},"end":{"line":20,"column":63}},"13":{"start":{"line":22,"column":8},"end":{"line":22,"column":32}},"14":{"start":{"line":25,"column":4},"end":{"line":59,"column":6}},"15":{"start":{"line":27,"column":8},"end":{"line":27,"column":35}},"16":{"start":{"line":28,"column":8},"end":{"line":28,"column":48}},"17":{"start":{"line":29,"column":8},"end":{"line":29,"column":56}},"18":{"start":{"line":32,"column":8},"end":{"line":36,"column":11}},"19":{"start":{"line":33,"column":12},"end":{"line":34,"column":66}},"20":{"start":{"line":34,"column":16},"end":{"line":34,"column":66}},"21":{"start":{"line":35,"column":12},"end":{"line":35,"column":19}},"22":{"start":{"line":39,"column":8},"end":{"line":41,"column":11}},"23":{"start":{"line":40,"column":12},"end":{"line":40,"column":42}},"24":{"start":{"line":44,"column":8},"end":{"line":44,"column":84}},"25":{"start":{"line":47,"column":8},"end":{"line":47,"column":65}},"26":{"start":{"line":50,"column":8},"end":{"line":55,"column":11}},"27":{"start":{"line":51,"column":12},"end":{"line":54,"column":15}},"28":{"start":{"line":58,"column":8},"end":{"line":58,"column":30}},"29":{"start":{"line":61,"column":0},"end":{"line":61,"column":2}},"30":{"start":{"line":14,"column":13},"end":{"line":14,"column":19}}},"fnMap":{"0":{"name":"(anonymous_1)","decl":{"start":{"line":14,"column":0},"end":{"line":14,"column":13}},"loc":{"start":{"line":14,"column":0},"end":{"line":61,"column":1}}},"1":{"name":"Routes","decl":{"start":{"line":17,"column":4},"end":{"line":17,"column":28}},"loc":{"start":{"line":17,"column":4},"end":{"line":17,"column":29}}},"2":{"name":"(anonymous_3)","decl":{"start":{"line":19,"column":4},"end":{"line":19,"column":11}},"loc":{"start":{"line":19,"column":4},"end":{"line":23,"column":5}}},"3":{"name":"(anonymous_4)","decl":{"start":{"line":25,"column":4},"end":{"line":25,"column":10}},"loc":{"start":{"line":25,"column":23},"end":{"line":59,"column":5}}},"4":{"name":"(anonymous_5)","decl":{"start":{"line":32,"column":16},"end":{"line":32,"column":17}},"loc":{"start":{"line":32,"column":64},"end":{"line":36,"column":9}}},"5":{"name":"(anonymous_6)","decl":{"start":{"line":39,"column":32},"end":{"line":39,"column":33}},"loc":{"start":{"line":39,"column":80},"end":{"line":41,"column":9}}},"6":{"name":"(anonymous_7)","decl":{"start":{"line":50,"column":23},"end":{"line":50,"column":33}},"loc":{"start":{"line":50,"column":80},"end":{"line":55,"column":9}}}},"branchMap":{"0":{"loc":{"start":{"line":20,"column":8},"end":{"line":20,"column":63}},"type":"if","locations":[{"start":{"line":20,"column":8},"end":{"line":20,"column":63}}]},"1":{"loc":{"start":{"line":33,"column":12},"end":{"line":34,"column":66}},"type":"if","locations":[{"start":{"line":33,"column":12},"end":{"line":34,"column":66}}]}},"s":{"0":6,"1":6,"2":6,"3":6,"4":6,"5":6,"6":6,"7":6,"8":6,"9":0,"10":6,"11":0,"12":0,"13":0,"14":6,"15":0,"16":0,"17":0,"18":0,"19":0,"20":0,"21":0,"22":0,"23":0,"24":0,"25":0,"26":0,"27":0,"28":0,"29":6,"30":6},"f":{"0":6,"1":0,"2":0,"3":0,"4":0,"5":0,"6":0},"b":{"0":[0],"1":[0]}}
,"/home/arun/Projects/kingdom_nation_temp/christmas-event/src/utils/configs/dev.config.ts": {"path":"/home/arun/Projects/kingdom_nation_temp/christmas-event/src/utils/configs/dev.config.ts","statementMap":{"0":{"start":{"line":1,"column":13},"end":{"line":3,"column":2}}},"fnMap":{},"branchMap":{},"s":{"0":6},"f":{},"b":{}}
,"/home/arun/Projects/kingdom_nation_temp/christmas-event/src/utils/configs/index.ts": {"path":"/home/arun/Projects/kingdom_nation_temp/christmas-event/src/utils/configs/index.ts","statementMap":{"0":{"start":{"line":2,"column":0},"end":{"line":2,"column":29}},"1":{"start":{"line":4,"column":0},"end":{"line":4,"column":30}},"2":{"start":{"line":6,"column":0},"end":{"line":6,"column":33}}},"fnMap":{},"branchMap":{},"s":{"0":6,"1":6,"2":6},"f":{},"b":{}}
,"/home/arun/Projects/kingdom_nation_temp/christmas-event/src/utils/configs/prod.config.ts": {"path":"/home/arun/Projects/kingdom_nation_temp/christmas-event/src/utils/configs/prod.config.ts","statementMap":{"0":{"start":{"line":1,"column":13},"end":{"line":3,"column":2}}},"fnMap":{},"branchMap":{},"s":{"0":6},"f":{},"b":{}}
,"/home/arun/Projects/kingdom_nation_temp/christmas-event/src/utils/configs/staging.config.ts": {"path":"/home/arun/Projects/kingdom_nation_temp/christmas-event/src/utils/configs/staging.config.ts","statementMap":{"0":{"start":{"line":1,"column":13},"end":{"line":3,"column":2}}},"fnMap":{},"branchMap":{},"s":{"0":6},"f":{},"b":{}}
,"/home/arun/Projects/kingdom_nation_temp/christmas-event/src/utils/decorators/controller.decorator.ts": {"path":"/home/arun/Projects/kingdom_nation_temp/christmas-event/src/utils/decorators/controller.decorator.ts","statementMap":{"0":{"start":{"line":2,"column":0},"end":{"line":2,"column":45}},"1":{"start":{"line":3,"column":0},"end":{"line":3,"column":54}},"2":{"start":{"line":7,"column":4},"end":{"line":20,"column":6}},"3":{"start":{"line":8,"column":23},"end":{"line":8,"column":46}},"4":{"start":{"line":10,"column":8},"end":{"line":19,"column":10}},"5":{"start":{"line":11,"column":33},"end":{"line":11,"column":54}},"6":{"start":{"line":12,"column":25},"end":{"line":12,"column":86}},"7":{"start":{"line":13,"column":41},"end":{"line":13,"column":104}},"8":{"start":{"line":14,"column":50},"end":{"line":14,"column":123}},"9":{"start":{"line":16,"column":12},"end":{"line":18,"column":14}},"10":{"start":{"line":17,"column":16},"end":{"line":17,"column":85}},"11":{"start":{"line":24,"column":18},"end":{"line":24,"column":28}}},"fnMap":{"0":{"name":"controller","decl":{"start":{"line":6,"column":9},"end":{"line":6,"column":19}},"loc":{"start":{"line":6,"column":39},"end":{"line":21,"column":1}}},"1":{"name":"(anonymous_2)","decl":{"start":{"line":7,"column":11},"end":{"line":7,"column":21}},"loc":{"start":{"line":7,"column":37},"end":{"line":20,"column":5}}}},"branchMap":{"0":{"loc":{"start":{"line":14,"column":50},"end":{"line":14,"column":123}},"type":"binary-expr","locations":[{"start":{"line":14,"column":50},"end":{"line":14,"column":117}},{"start":{"line":14,"column":121},"end":{"line":14,"column":123}}]},"1":{"loc":{"start":{"line":16,"column":12},"end":{"line":18,"column":14}},"type":"if","locations":[{"start":{"line":16,"column":12},"end":{"line":18,"column":14}}]}},"s":{"0":6,"1":6,"2":6,"3":6,"4":6,"5":0,"6":0,"7":0,"8":0,"9":0,"10":0,"11":6},"f":{"0":6,"1":6},"b":{"0":[0,0],"1":[0]}}
,"/home/arun/Projects/kingdom_nation_temp/christmas-event/src/utils/decorators/index.ts": {"path":"/home/arun/Projects/kingdom_nation_temp/christmas-event/src/utils/decorators/index.ts","statementMap":{"0":{"start":{"line":2,"column":0},"end":{"line":2,"column":39}},"1":{"start":{"line":4,"column":0},"end":{"line":4,"column":35}},"2":{"start":{"line":6,"column":0},"end":{"line":6,"column":32}}},"fnMap":{},"branchMap":{},"s":{"0":6,"1":6,"2":6},"f":{},"b":{}}
,"/home/arun/Projects/kingdom_nation_temp/christmas-event/src/utils/decorators/routes.decorator.ts": {"path":"/home/arun/Projects/kingdom_nation_temp/christmas-event/src/utils/decorators/routes.decorator.ts","statementMap":{"0":{"start":{"line":2,"column":0},"end":{"line":2,"column":54}},"1":{"start":{"line":9,"column":4},"end":{"line":14,"column":6}},"2":{"start":{"line":10,"column":8},"end":{"line":13,"column":10}},"3":{"start":{"line":11,"column":12},"end":{"line":11,"column":73}},"4":{"start":{"line":12,"column":12},"end":{"line":12,"column":77}},"5":{"start":{"line":17,"column":13},"end":{"line":17,"column":43}},"6":{"start":{"line":32,"column":12},"end":{"line":32,"column":16}},"7":{"start":{"line":18,"column":12},"end":{"line":18,"column":44}},"8":{"start":{"line":33,"column":11},"end":{"line":33,"column":17}},"9":{"start":{"line":19,"column":12},"end":{"line":19,"column":41}},"10":{"start":{"line":34,"column":11},"end":{"line":34,"column":14}},"11":{"start":{"line":20,"column":13},"end":{"line":20,"column":43}},"12":{"start":{"line":35,"column":12},"end":{"line":35,"column":16}},"13":{"start":{"line":21,"column":13},"end":{"line":21,"column":43}},"14":{"start":{"line":36,"column":12},"end":{"line":36,"column":16}},"15":{"start":{"line":22,"column":16},"end":{"line":22,"column":49}},"16":{"start":{"line":37,"column":15},"end":{"line":37,"column":22}},"17":{"start":{"line":23,"column":14},"end":{"line":23,"column":45}},"18":{"start":{"line":38,"column":13},"end":{"line":38,"column":18}},"19":{"start":{"line":24,"column":13},"end":{"line":24,"column":43}},"20":{"start":{"line":39,"column":12},"end":{"line":39,"column":16}},"21":{"start":{"line":25,"column":17},"end":{"line":25,"column":51}},"22":{"start":{"line":40,"column":16},"end":{"line":40,"column":24}},"23":{"start":{"line":26,"column":14},"end":{"line":26,"column":45}},"24":{"start":{"line":41,"column":13},"end":{"line":41,"column":18}},"25":{"start":{"line":27,"column":12},"end":{"line":27,"column":41}},"26":{"start":{"line":42,"column":11},"end":{"line":42,"column":14}},"27":{"start":{"line":28,"column":15},"end":{"line":28,"column":47}},"28":{"start":{"line":43,"column":14},"end":{"line":43,"column":20}}},"fnMap":{"0":{"name":"routeBinder","decl":{"start":{"line":8,"column":9},"end":{"line":8,"column":20}},"loc":{"start":{"line":8,"column":41},"end":{"line":15,"column":1}}},"1":{"name":"get","decl":{"start":{"line":9,"column":20},"end":{"line":9,"column":23}},"loc":{"start":{"line":9,"column":36},"end":{"line":14,"column":5}}},"2":{"name":"(anonymous_2)","decl":{"start":{"line":10,"column":15},"end":{"line":10,"column":25}},"loc":{"start":{"line":10,"column":81},"end":{"line":13,"column":9}}}},"branchMap":{},"s":{"0":6,"1":72,"2":0,"3":0,"4":0,"5":6,"6":6,"7":6,"8":6,"9":6,"10":6,"11":6,"12":6,"13":6,"14":6,"15":6,"16":6,"17":6,"18":6,"19":6,"20":6,"21":6,"22":6,"23":6,"24":6,"25":6,"26":6,"27":6,"28":6},"f":{"0":72,"1":0,"2":0},"b":{}}
,"/home/arun/Projects/kingdom_nation_temp/christmas-event/src/utils/decorators/use.decorator.ts": {"path":"/home/arun/Projects/kingdom_nation_temp/christmas-event/src/utils/decorators/use.decorator.ts","statementMap":{"0":{"start":{"line":1,"column":0},"end":{"line":1,"column":40}},"1":{"start":{"line":5,"column":4},"end":{"line":9,"column":6}},"2":{"start":{"line":6,"column":28},"end":{"line":6,"column":91}},"3":{"start":{"line":8,"column":8},"end":{"line":8,"column":99}},"4":{"start":{"line":13,"column":11},"end":{"line":13,"column":14}}},"fnMap":{"0":{"name":"use","decl":{"start":{"line":4,"column":9},"end":{"line":4,"column":12}},"loc":{"start":{"line":4,"column":39},"end":{"line":10,"column":1}}},"1":{"name":"(anonymous_2)","decl":{"start":{"line":5,"column":11},"end":{"line":5,"column":21}},"loc":{"start":{"line":5,"column":71},"end":{"line":9,"column":5}}}},"branchMap":{"0":{"loc":{"start":{"line":6,"column":28},"end":{"line":6,"column":91}},"type":"binary-expr","locations":[{"start":{"line":6,"column":28},"end":{"line":6,"column":85}},{"start":{"line":6,"column":89},"end":{"line":6,"column":91}}]}},"s":{"0":6,"1":0,"2":0,"3":0,"4":6},"f":{"0":0,"1":0},"b":{"0":[0,0]}}
,"/home/arun/Projects/kingdom_nation_temp/christmas-event/src/utils/errors/custom.error.ts": {"path":"/home/arun/Projects/kingdom_nation_temp/christmas-event/src/utils/errors/custom.error.ts","statementMap":{"0":{"start":{"line":2,"column":0},"end":{"line":2,"column":null}},"1":{"start":{"line":2,"column":42},"end":{"line":2,"column":47}},"2":{"start":{"line":5,"column":8},"end":{"line":5,"column":null}},"3":{"start":{"line":8,"column":8},"end":{"line":8,"column":59}},"4":{"start":{"line":12,"column":0},"end":{"line":12,"column":2}},"5":{"start":{"line":2,"column":22},"end":{"line":2,"column":33}}},"fnMap":{"0":{"name":"(anonymous_6)","decl":{"start":{"line":2,"column":0},"end":{"line":2,"column":22}},"loc":{"start":{"line":2,"column":0},"end":{"line":12,"column":1}}},"1":{"name":"CustomError","decl":{"start":{"line":4,"column":4},"end":{"line":4,"column":16}},"loc":{"start":{"line":4,"column":31},"end":{"line":9,"column":5}}}},"branchMap":{"0":{"loc":{"start":{"line":5,"column":8},"end":{"line":5,"column":null}},"type":"binary-expr","locations":[{"start":{"line":5,"column":8},"end":{"line":5,"column":22}},{"start":{"line":5,"column":22},"end":{"line":5,"column":null}}]}},"s":{"0":6,"1":6,"2":93,"3":93,"4":6,"5":6},"f":{"0":6,"1":93},"b":{"0":[93,0]}}
,"/home/arun/Projects/kingdom_nation_temp/christmas-event/src/utils/errors/database-connection.error.ts": {"path":"/home/arun/Projects/kingdom_nation_temp/christmas-event/src/utils/errors/database-connection.error.ts","statementMap":{"0":{"start":{"line":2,"column":0},"end":{"line":2,"column":45}},"1":{"start":{"line":4,"column":0},"end":{"line":4,"column":null}},"2":{"start":{"line":4,"column":45},"end":{"line":4,"column":56}},"3":{"start":{"line":8,"column":4},"end":{"line":8,"column":null}},"4":{"start":{"line":5,"column":2},"end":{"line":5,"column":47}},"5":{"start":{"line":6,"column":2},"end":{"line":6,"column":19}},"6":{"start":{"line":11,"column":4},"end":{"line":11,"column":67}},"7":{"start":{"line":14,"column":2},"end":{"line":16,"column":4}},"8":{"start":{"line":15,"column":4},"end":{"line":15,"column":38}},"9":{"start":{"line":17,"column":0},"end":{"line":17,"column":2}},"10":{"start":{"line":4,"column":13},"end":{"line":4,"column":36}}},"fnMap":{"0":{"name":"(anonymous_6)","decl":{"start":{"line":4,"column":0},"end":{"line":4,"column":13}},"loc":{"start":{"line":4,"column":0},"end":{"line":17,"column":1}}},"1":{"name":"DatabaseConnectionError","decl":{"start":{"line":7,"column":2},"end":{"line":7,"column":null}},"loc":{"start":{"line":7,"column":2},"end":{"line":12,"column":3}}},"2":{"name":"(anonymous_8)","decl":{"start":{"line":14,"column":2},"end":{"line":14,"column":17}},"loc":{"start":{"line":14,"column":2},"end":{"line":16,"column":3}}}},"branchMap":{"0":{"loc":{"start":{"line":8,"column":4},"end":{"line":8,"column":null}},"type":"binary-expr","locations":[{"start":{"line":8,"column":4},"end":{"line":8,"column":46}},{"start":{"line":8,"column":46},"end":{"line":8,"column":null}}]}},"s":{"0":6,"1":6,"2":6,"3":0,"4":0,"5":0,"6":0,"7":6,"8":0,"9":6,"10":6},"f":{"0":6,"1":0,"2":0},"b":{"0":[0,0]}}
,"/home/arun/Projects/kingdom_nation_temp/christmas-event/src/utils/errors/generic.error.ts": {"path":"/home/arun/Projects/kingdom_nation_temp/christmas-event/src/utils/errors/generic.error.ts","statementMap":{"0":{"start":{"line":1,"column":0},"end":{"line":1,"column":33}},"1":{"start":{"line":5,"column":0},"end":{"line":5,"column":null}},"2":{"start":{"line":5,"column":34},"end":{"line":5,"column":45}},"3":{"start":{"line":8,"column":8},"end":{"line":8,"column":null}},"4":{"start":{"line":7,"column":23},"end":{"line":7,"column":49}},"5":{"start":{"line":10,"column":8},"end":{"line":10,"column":43}},"6":{"start":{"line":12,"column":8},"end":{"line":12,"column":60}},"7":{"start":{"line":15,"column":4},"end":{"line":18,"column":6}},"8":{"start":{"line":16,"column":26},"end":{"line":16,"column":38}},"9":{"start":{"line":17,"column":8},"end":{"line":17,"column":44}},"10":{"start":{"line":19,"column":0},"end":{"line":19,"column":2}},"11":{"start":{"line":5,"column":13},"end":{"line":5,"column":25}}},"fnMap":{"0":{"name":"(anonymous_6)","decl":{"start":{"line":5,"column":0},"end":{"line":5,"column":13}},"loc":{"start":{"line":5,"column":0},"end":{"line":19,"column":1}}},"1":{"name":"GenericError","decl":{"start":{"line":7,"column":4},"end":{"line":7,"column":23}},"loc":{"start":{"line":7,"column":49},"end":{"line":13,"column":5}}},"2":{"name":"(anonymous_8)","decl":{"start":{"line":15,"column":4},"end":{"line":15,"column":19}},"loc":{"start":{"line":15,"column":4},"end":{"line":18,"column":5}}}},"branchMap":{"0":{"loc":{"start":{"line":8,"column":8},"end":{"line":8,"column":null}},"type":"binary-expr","locations":[{"start":{"line":8,"column":8},"end":{"line":8,"column":35}},{"start":{"line":8,"column":35},"end":{"line":8,"column":null}}]}},"s":{"0":6,"1":6,"2":6,"3":93,"4":93,"5":93,"6":93,"7":6,"8":0,"9":0,"10":6,"11":6},"f":{"0":6,"1":93,"2":0},"b":{"0":[93,0]}}
,"/home/arun/Projects/kingdom_nation_temp/christmas-event/src/utils/errors/index.ts": {"path":"/home/arun/Projects/kingdom_nation_temp/christmas-event/src/utils/errors/index.ts","statementMap":{"0":{"start":{"line":2,"column":0},"end":{"line":2,"column":31}},"1":{"start":{"line":5,"column":0},"end":{"line":5,"column":44}},"2":{"start":{"line":8,"column":0},"end":{"line":8,"column":32}},"3":{"start":{"line":11,"column":0},"end":{"line":11,"column":43}}},"fnMap":{},"branchMap":{},"s":{"0":6,"1":6,"2":6,"3":6},"f":{},"b":{}}
,"/home/arun/Projects/kingdom_nation_temp/christmas-event/src/utils/errors/storage-connection.error.ts": {"path":"/home/arun/Projects/kingdom_nation_temp/christmas-event/src/utils/errors/storage-connection.error.ts","statementMap":{"0":{"start":{"line":1,"column":0},"end":{"line":1,"column":33}},"1":{"start":{"line":4,"column":0},"end":{"line":4,"column":null}},"2":{"start":{"line":4,"column":44},"end":{"line":4,"column":55}},"3":{"start":{"line":8,"column":8},"end":{"line":8,"column":null}},"4":{"start":{"line":5,"column":4},"end":{"line":5,"column":54}},"5":{"start":{"line":6,"column":4},"end":{"line":6,"column":21}},"6":{"start":{"line":11,"column":8},"end":{"line":11,"column":70}},"7":{"start":{"line":14,"column":4},"end":{"line":16,"column":null}},"8":{"start":{"line":15,"column":8},"end":{"line":15,"column":42}},"9":{"start":{"line":17,"column":0},"end":{"line":17,"column":2}},"10":{"start":{"line":4,"column":13},"end":{"line":4,"column":35}}},"fnMap":{"0":{"name":"(anonymous_6)","decl":{"start":{"line":4,"column":0},"end":{"line":4,"column":13}},"loc":{"start":{"line":4,"column":0},"end":{"line":17,"column":1}}},"1":{"name":"StorageConnectionError","decl":{"start":{"line":7,"column":4},"end":{"line":7,"column":null}},"loc":{"start":{"line":7,"column":4},"end":{"line":12,"column":5}}},"2":{"name":"(anonymous_8)","decl":{"start":{"line":14,"column":4},"end":{"line":14,"column":19}},"loc":{"start":{"line":14,"column":4},"end":{"line":16,"column":5}}}},"branchMap":{"0":{"loc":{"start":{"line":8,"column":8},"end":{"line":8,"column":null}},"type":"binary-expr","locations":[{"start":{"line":8,"column":8},"end":{"line":8,"column":55}},{"start":{"line":8,"column":55},"end":{"line":8,"column":null}}]}},"s":{"0":6,"1":6,"2":6,"3":0,"4":0,"5":0,"6":0,"7":6,"8":0,"9":6,"10":6},"f":{"0":6,"1":0,"2":0},"b":{"0":[0,0]}}
,"/home/arun/Projects/kingdom_nation_temp/christmas-event/src/utils/factories/helper.factory.ts": {"path":"/home/arun/Projects/kingdom_nation_temp/christmas-event/src/utils/factories/helper.factory.ts","statementMap":{"0":{"start":{"line":4,"column":0},"end":{"line":4,"column":null}},"1":{"start":{"line":10,"column":11},"end":{"line":14,"column":6}},"2":{"start":{"line":11,"column":8},"end":{"line":11,"column":84}},"3":{"start":{"line":11,"column":38},"end":{"line":11,"column":84}},"4":{"start":{"line":13,"column":8},"end":{"line":13,"column":39}},"5":{"start":{"line":16,"column":0},"end":{"line":16,"column":2}},"6":{"start":{"line":19,"column":4},"end":{"line":19,"column":17}}},"fnMap":{"0":{"name":"(anonymous_0)","decl":{"start":{"line":4,"column":0},"end":{"line":4,"column":null}},"loc":{"start":{"line":4,"column":0},"end":{"line":16,"column":1}}},"1":{"name":"HelperFactory","decl":{"start":{"line":8,"column":4},"end":{"line":8,"column":28}},"loc":{"start":{"line":8,"column":4},"end":{"line":8,"column":29}}},"2":{"name":"(anonymous_2)","decl":{"start":{"line":10,"column":4},"end":{"line":10,"column":11}},"loc":{"start":{"line":10,"column":4},"end":{"line":14,"column":5}}}},"branchMap":{"0":{"loc":{"start":{"line":11,"column":8},"end":{"line":11,"column":84}},"type":"if","locations":[{"start":{"line":11,"column":8},"end":{"line":11,"column":84}}]}},"s":{"0":6,"1":6,"2":0,"3":0,"4":0,"5":6,"6":6},"f":{"0":6,"1":0,"2":0},"b":{"0":[0]}}
,"/home/arun/Projects/kingdom_nation_temp/christmas-event/src/utils/factories/index.ts": {"path":"/home/arun/Projects/kingdom_nation_temp/christmas-event/src/utils/factories/index.ts","statementMap":{"0":{"start":{"line":5,"column":0},"end":{"line":5,"column":33}},"1":{"start":{"line":8,"column":0},"end":{"line":8,"column":37}},"2":{"start":{"line":11,"column":0},"end":{"line":11,"column":31}},"3":{"start":{"line":14,"column":0},"end":{"line":14,"column":34}},"4":{"start":{"line":17,"column":0},"end":{"line":17,"column":37}}},"fnMap":{},"branchMap":{},"s":{"0":6,"1":6,"2":6,"3":6,"4":6},"f":{},"b":{}}
,"/home/arun/Projects/kingdom_nation_temp/christmas-event/src/utils/factories/middleware.factory.ts": {"path":"/home/arun/Projects/kingdom_nation_temp/christmas-event/src/utils/factories/middleware.factory.ts","statementMap":{"0":{"start":{"line":3,"column":0},"end":{"line":3,"column":null}},"1":{"start":{"line":9,"column":11},"end":{"line":13,"column":6}},"2":{"start":{"line":10,"column":8},"end":{"line":10,"column":96}},"3":{"start":{"line":10,"column":42},"end":{"line":10,"column":96}},"4":{"start":{"line":12,"column":8},"end":{"line":12,"column":43}},"5":{"start":{"line":16,"column":0},"end":{"line":16,"column":2}},"6":{"start":{"line":19,"column":4},"end":{"line":19,"column":21}}},"fnMap":{"0":{"name":"(anonymous_0)","decl":{"start":{"line":3,"column":0},"end":{"line":3,"column":null}},"loc":{"start":{"line":3,"column":0},"end":{"line":16,"column":1}}},"1":{"name":"MiddlewareFactory","decl":{"start":{"line":7,"column":4},"end":{"line":7,"column":28}},"loc":{"start":{"line":7,"column":4},"end":{"line":7,"column":29}}},"2":{"name":"(anonymous_2)","decl":{"start":{"line":9,"column":4},"end":{"line":9,"column":11}},"loc":{"start":{"line":9,"column":4},"end":{"line":13,"column":5}}}},"branchMap":{"0":{"loc":{"start":{"line":10,"column":8},"end":{"line":10,"column":96}},"type":"if","locations":[{"start":{"line":10,"column":8},"end":{"line":10,"column":96}}]}},"s":{"0":6,"1":6,"2":0,"3":0,"4":0,"5":6,"6":6},"f":{"0":6,"1":0,"2":0},"b":{"0":[0]}}
,"/home/arun/Projects/kingdom_nation_temp/christmas-event/src/utils/factories/pipe.factory.ts": {"path":"/home/arun/Projects/kingdom_nation_temp/christmas-event/src/utils/factories/pipe.factory.ts","statementMap":{"0":{"start":{"line":1,"column":0},"end":{"line":1,"column":39}},"1":{"start":{"line":5,"column":0},"end":{"line":5,"column":null}},"2":{"start":{"line":11,"column":11},"end":{"line":15,"column":6}},"3":{"start":{"line":12,"column":8},"end":{"line":12,"column":78}},"4":{"start":{"line":12,"column":36},"end":{"line":12,"column":78}},"5":{"start":{"line":14,"column":8},"end":{"line":14,"column":37}},"6":{"start":{"line":17,"column":4},"end":{"line":19,"column":6}},"7":{"start":{"line":18,"column":8},"end":{"line":18,"column":38}},"8":{"start":{"line":20,"column":0},"end":{"line":20,"column":2}},"9":{"start":{"line":23,"column":4},"end":{"line":23,"column":15}}},"fnMap":{"0":{"name":"(anonymous_0)","decl":{"start":{"line":5,"column":0},"end":{"line":5,"column":null}},"loc":{"start":{"line":5,"column":0},"end":{"line":20,"column":1}}},"1":{"name":"PipeFactory","decl":{"start":{"line":9,"column":4},"end":{"line":9,"column":28}},"loc":{"start":{"line":9,"column":4},"end":{"line":9,"column":29}}},"2":{"name":"(anonymous_2)","decl":{"start":{"line":11,"column":4},"end":{"line":11,"column":11}},"loc":{"start":{"line":11,"column":4},"end":{"line":15,"column":5}}},"3":{"name":"(anonymous_3)","decl":{"start":{"line":17,"column":4},"end":{"line":17,"column":15}},"loc":{"start":{"line":17,"column":4},"end":{"line":19,"column":5}}}},"branchMap":{"0":{"loc":{"start":{"line":12,"column":8},"end":{"line":12,"column":78}},"type":"if","locations":[{"start":{"line":12,"column":8},"end":{"line":12,"column":78}}]}},"s":{"0":6,"1":6,"2":6,"3":6,"4":6,"5":6,"6":6,"7":0,"8":6,"9":6},"f":{"0":6,"1":6,"2":6,"3":0},"b":{"0":[6]}}
,"/home/arun/Projects/kingdom_nation_temp/christmas-event/src/utils/factories/service.factory.ts": {"path":"/home/arun/Projects/kingdom_nation_temp/christmas-event/src/utils/factories/service.factory.ts","statementMap":{"0":{"start":{"line":1,"column":0},"end":{"line":1,"column":42}},"1":{"start":{"line":4,"column":0},"end":{"line":4,"column":null}},"2":{"start":{"line":10,"column":11},"end":{"line":14,"column":6}},"3":{"start":{"line":11,"column":8},"end":{"line":11,"column":87}},"4":{"start":{"line":11,"column":39},"end":{"line":11,"column":87}},"5":{"start":{"line":13,"column":8},"end":{"line":13,"column":40}},"6":{"start":{"line":16,"column":4},"end":{"line":18,"column":6}},"7":{"start":{"line":17,"column":8},"end":{"line":17,"column":41}},"8":{"start":{"line":20,"column":0},"end":{"line":20,"column":2}},"9":{"start":{"line":23,"column":4},"end":{"line":23,"column":18}}},"fnMap":{"0":{"name":"(anonymous_0)","decl":{"start":{"line":4,"column":0},"end":{"line":4,"column":null}},"loc":{"start":{"line":4,"column":0},"end":{"line":20,"column":1}}},"1":{"name":"ServiceFactory","decl":{"start":{"line":8,"column":4},"end":{"line":8,"column":28}},"loc":{"start":{"line":8,"column":4},"end":{"line":8,"column":29}}},"2":{"name":"(anonymous_2)","decl":{"start":{"line":10,"column":4},"end":{"line":10,"column":11}},"loc":{"start":{"line":10,"column":4},"end":{"line":14,"column":5}}},"3":{"name":"(anonymous_3)","decl":{"start":{"line":16,"column":4},"end":{"line":16,"column":18}},"loc":{"start":{"line":16,"column":4},"end":{"line":18,"column":5}}}},"branchMap":{"0":{"loc":{"start":{"line":11,"column":8},"end":{"line":11,"column":87}},"type":"if","locations":[{"start":{"line":11,"column":8},"end":{"line":11,"column":87}}]}},"s":{"0":6,"1":6,"2":6,"3":6,"4":6,"5":6,"6":6,"7":0,"8":6,"9":6},"f":{"0":6,"1":6,"2":6,"3":0},"b":{"0":[6]}}
,"/home/arun/Projects/kingdom_nation_temp/christmas-event/src/utils/factories/validation.factory.ts": {"path":"/home/arun/Projects/kingdom_nation_temp/christmas-event/src/utils/factories/validation.factory.ts","statementMap":{"0":{"start":{"line":1,"column":0},"end":{"line":1,"column":45}},"1":{"start":{"line":5,"column":0},"end":{"line":5,"column":null}},"2":{"start":{"line":11,"column":11},"end":{"line":15,"column":6}},"3":{"start":{"line":12,"column":8},"end":{"line":12,"column":96}},"4":{"start":{"line":12,"column":42},"end":{"line":12,"column":96}},"5":{"start":{"line":14,"column":8},"end":{"line":14,"column":43}},"6":{"start":{"line":17,"column":4},"end":{"line":19,"column":6}},"7":{"start":{"line":18,"column":8},"end":{"line":18,"column":44}},"8":{"start":{"line":20,"column":0},"end":{"line":20,"column":2}},"9":{"start":{"line":23,"column":4},"end":{"line":23,"column":21}}},"fnMap":{"0":{"name":"(anonymous_0)","decl":{"start":{"line":5,"column":0},"end":{"line":5,"column":null}},"loc":{"start":{"line":5,"column":0},"end":{"line":20,"column":1}}},"1":{"name":"ValidationFactory","decl":{"start":{"line":9,"column":4},"end":{"line":9,"column":28}},"loc":{"start":{"line":9,"column":4},"end":{"line":9,"column":29}}},"2":{"name":"(anonymous_2)","decl":{"start":{"line":11,"column":4},"end":{"line":11,"column":11}},"loc":{"start":{"line":11,"column":4},"end":{"line":15,"column":5}}},"3":{"name":"(anonymous_3)","decl":{"start":{"line":17,"column":4},"end":{"line":17,"column":21}},"loc":{"start":{"line":17,"column":4},"end":{"line":19,"column":5}}}},"branchMap":{"0":{"loc":{"start":{"line":12,"column":8},"end":{"line":12,"column":96}},"type":"if","locations":[{"start":{"line":12,"column":8},"end":{"line":12,"column":96}}]}},"s":{"0":6,"1":6,"2":6,"3":6,"4":6,"5":6,"6":6,"7":0,"8":6,"9":6},"f":{"0":6,"1":6,"2":6,"3":0},"b":{"0":[6]}}
,"/home/arun/Projects/kingdom_nation_temp/christmas-event/src/utils/helpers/index.ts": {"path":"/home/arun/Projects/kingdom_nation_temp/christmas-event/src/utils/helpers/index.ts","statementMap":{"0":{"start":{"line":3,"column":0},"end":{"line":3,"column":30}},"1":{"start":{"line":5,"column":0},"end":{"line":5,"column":32}}},"fnMap":{},"branchMap":{},"s":{"0":6,"1":6},"f":{},"b":{}}
,"/home/arun/Projects/kingdom_nation_temp/christmas-event/src/utils/helpers/path.helper.ts": {"path":"/home/arun/Projects/kingdom_nation_temp/christmas-event/src/utils/helpers/path.helper.ts","statementMap":{"0":{"start":{"line":1,"column":0},"end":{"line":1,"column":24}},"1":{"start":{"line":3,"column":18},"end":{"line":5,"column":1}},"2":{"start":{"line":4,"column":4},"end":{"line":4,"column":24}},"3":{"start":{"line":8,"column":4},"end":{"line":8,"column":13}}},"fnMap":{"0":{"name":"(anonymous_1)","decl":{"start":{"line":3,"column":18},"end":{"line":3,"column":19}},"loc":{"start":{"line":3,"column":34},"end":{"line":5,"column":1}}}},"branchMap":{},"s":{"0":6,"1":6,"2":0,"3":6},"f":{"0":0},"b":{}}
,"/home/arun/Projects/kingdom_nation_temp/christmas-event/src/utils/helpers/string.helper.ts": {"path":"/home/arun/Projects/kingdom_nation_temp/christmas-event/src/utils/helpers/string.helper.ts","statementMap":{"0":{"start":{"line":1,"column":0},"end":{"line":1,"column":41}},"1":{"start":{"line":4,"column":19},"end":{"line":8,"column":1}},"2":{"start":{"line":5,"column":4},"end":{"line":5,"column":160}},"3":{"start":{"line":5,"column":55},"end":{"line":5,"column":160}},"4":{"start":{"line":7,"column":4},"end":{"line":7,"column":28}},"5":{"start":{"line":11,"column":4},"end":{"line":11,"column":14}}},"fnMap":{"0":{"name":"(anonymous_0)","decl":{"start":{"line":4,"column":19},"end":{"line":4,"column":20}},"loc":{"start":{"line":4,"column":37},"end":{"line":8,"column":1}}}},"branchMap":{"0":{"loc":{"start":{"line":5,"column":4},"end":{"line":5,"column":160}},"type":"if","locations":[{"start":{"line":5,"column":4},"end":{"line":5,"column":160}}]},"1":{"loc":{"start":{"line":5,"column":8},"end":{"line":5,"column":53}},"type":"binary-expr","locations":[{"start":{"line":5,"column":8},"end":{"line":5,"column":18}},{"start":{"line":5,"column":23},"end":{"line":5,"column":52}}]}},"s":{"0":6,"1":6,"2":5,"3":4,"4":1,"5":6},"f":{"0":5},"b":{"0":[4],"1":[5,3]}}
,"/home/arun/Projects/kingdom_nation_temp/christmas-event/src/utils/middlewares/error-handler.middleware.ts": {"path":"/home/arun/Projects/kingdom_nation_temp/christmas-event/src/utils/middlewares/error-handler.middleware.ts","statementMap":{"0":{"start":{"line":2,"column":0},"end":{"line":2,"column":40}},"1":{"start":{"line":5,"column":28},"end":{"line":34,"column":2}},"2":{"start":{"line":8,"column":22},"end":{"line":34,"column":2}},"3":{"start":{"line":11,"column":10},"end":{"line":17,"column":6}},"4":{"start":{"line":18,"column":10},"end":{"line":20,"column":6}},"5":{"start":{"line":21,"column":4},"end":{"line":30,"column":6}},"6":{"start":{"line":29,"column":8},"end":{"line":29,"column":82}},"7":{"start":{"line":32,"column":4},"end":{"line":32,"column":65}},"8":{"start":{"line":5,"column":13},"end":{"line":5,"column":28}}},"fnMap":{"0":{"name":"(anonymous_13)","decl":{"start":{"line":5,"column":28},"end":{"line":5,"column":35}},"loc":{"start":{"line":8,"column":22},"end":{"line":34,"column":2}}},"1":{"name":"(anonymous_14)","decl":{"start":{"line":8,"column":22},"end":{"line":8,"column":null}},"loc":{"start":{"line":8,"column":22},"end":{"line":34,"column":2}}}},"branchMap":{"0":{"loc":{"start":{"line":21,"column":4},"end":{"line":30,"column":6}},"type":"if","locations":[{"start":{"line":21,"column":4},"end":{"line":30,"column":6}}]}},"s":{"0":6,"1":6,"2":0,"3":0,"4":0,"5":0,"6":0,"7":0,"8":6},"f":{"0":0,"1":0},"b":{"0":[0]}}
,"/home/arun/Projects/kingdom_nation_temp/christmas-event/src/utils/middlewares/index.ts": {"path":"/home/arun/Projects/kingdom_nation_temp/christmas-event/src/utils/middlewares/index.ts","statementMap":{"0":{"start":{"line":3,"column":0},"end":{"line":3,"column":43}}},"fnMap":{},"branchMap":{},"s":{"0":6},"f":{},"b":{}}
,"/home/arun/Projects/kingdom_nation_temp/christmas-event/src/utils/ros/index.ts": {"path":"/home/arun/Projects/kingdom_nation_temp/christmas-event/src/utils/ros/index.ts","statementMap":{"0":{"start":{"line":2,"column":0},"end":{"line":2,"column":26}}},"fnMap":{},"branchMap":{},"s":{"0":6},"f":{},"b":{}}
,"/home/arun/Projects/kingdom_nation_temp/christmas-event/src/utils/types/index.ts": {"path":"/home/arun/Projects/kingdom_nation_temp/christmas-event/src/utils/types/index.ts","statementMap":{"0":{"start":{"line":2,"column":0},"end":{"line":2,"column":25}},"1":{"start":{"line":5,"column":0},"end":{"line":5,"column":24}}},"fnMap":{},"branchMap":{},"s":{"0":6,"1":6},"f":{},"b":{}}
,"/home/arun/Projects/kingdom_nation_temp/christmas-event/src/utils/types/common/environment.type.ts": {"path":"/home/arun/Projects/kingdom_nation_temp/christmas-event/src/utils/types/common/environment.type.ts","statementMap":{"0":{"start":{"line":2,"column":0},"end":{"line":2,"column":null}},"1":{"start":{"line":3,"column":4},"end":{"line":3,"column":null}},"2":{"start":{"line":4,"column":4},"end":{"line":4,"column":null}},"3":{"start":{"line":5,"column":4},"end":{"line":5,"column":null}},"4":{"start":{"line":6,"column":4},"end":{"line":6,"column":null}}},"fnMap":{"0":{"name":"(anonymous_0)","decl":{"start":{"line":2,"column":0},"end":{"line":2,"column":12}},"loc":{"start":{"line":2,"column":23},"end":{"line":7,"column":1}}}},"branchMap":{"0":{"loc":{"start":{"line":2,"column":12},"end":{"line":2,"column":null}},"type":"binary-expr","locations":[{"start":{"line":2,"column":12},"end":{"line":2,"column":23}},{"start":{"line":2,"column":12},"end":{"line":2,"column":null}}]}},"s":{"0":6,"1":6,"2":6,"3":6,"4":6},"f":{"0":6},"b":{"0":[6,6]}}
,"/home/arun/Projects/kingdom_nation_temp/christmas-event/src/utils/types/common/index.ts": {"path":"/home/arun/Projects/kingdom_nation_temp/christmas-event/src/utils/types/common/index.ts","statementMap":{"0":{"start":{"line":3,"column":0},"end":{"line":3,"column":26}},"1":{"start":{"line":6,"column":0},"end":{"line":6,"column":27}},"2":{"start":{"line":9,"column":0},"end":{"line":9,"column":35}},"3":{"start":{"line":12,"column":0},"end":{"line":12,"column":29}},"4":{"start":{"line":15,"column":0},"end":{"line":15,"column":31}},"5":{"start":{"line":18,"column":0},"end":{"line":18,"column":31}},"6":{"start":{"line":21,"column":0},"end":{"line":21,"column":32}},"7":{"start":{"line":24,"column":0},"end":{"line":24,"column":53}},"8":{"start":{"line":27,"column":0},"end":{"line":27,"column":40}},"9":{"start":{"line":30,"column":0},"end":{"line":30,"column":30}}},"fnMap":{},"branchMap":{},"s":{"0":6,"1":6,"2":6,"3":6,"4":6,"5":6,"6":6,"7":6,"8":6,"9":6},"f":{},"b":{}}
,"/home/arun/Projects/kingdom_nation_temp/christmas-event/src/utils/types/common/metadata.type.ts": {"path":"/home/arun/Projects/kingdom_nation_temp/christmas-event/src/utils/types/common/metadata.type.ts","statementMap":{"0":{"start":{"line":2,"column":0},"end":{"line":2,"column":null}},"1":{"start":{"line":3,"column":4},"end":{"line":3,"column":null}},"2":{"start":{"line":4,"column":4},"end":{"line":4,"column":null}},"3":{"start":{"line":5,"column":4},"end":{"line":5,"column":null}},"4":{"start":{"line":9,"column":4},"end":{"line":9,"column":16}}},"fnMap":{"0":{"name":"(anonymous_0)","decl":{"start":{"line":2,"column":0},"end":{"line":2,"column":5}},"loc":{"start":{"line":2,"column":17},"end":{"line":6,"column":1}}}},"branchMap":{"0":{"loc":{"start":{"line":2,"column":5},"end":{"line":2,"column":null}},"type":"binary-expr","locations":[{"start":{"line":2,"column":5},"end":{"line":2,"column":17}},{"start":{"line":2,"column":5},"end":{"line":2,"column":null}}]}},"s":{"0":6,"1":6,"2":6,"3":6,"4":6},"f":{"0":6},"b":{"0":[6,6]}}
,"/home/arun/Projects/kingdom_nation_temp/christmas-event/src/utils/types/common/request-validation-middleware.type.ts": {"path":"/home/arun/Projects/kingdom_nation_temp/christmas-event/src/utils/types/common/request-validation-middleware.type.ts","statementMap":{"0":{"start":{"line":8,"column":0},"end":{"line":8,"column":null}},"1":{"start":{"line":9,"column":4},"end":{"line":9,"column":null}},"2":{"start":{"line":10,"column":4},"end":{"line":10,"column":null}},"3":{"start":{"line":11,"column":4},"end":{"line":11,"column":null}},"4":{"start":{"line":12,"column":4},"end":{"line":12,"column":null}},"5":{"start":{"line":13,"column":4},"end":{"line":13,"column":null}},"6":{"start":{"line":14,"column":4},"end":{"line":14,"column":null}},"7":{"start":{"line":15,"column":4},"end":{"line":15,"column":null}},"8":{"start":{"line":16,"column":4},"end":{"line":16,"column":null}},"9":{"start":{"line":26,"column":4},"end":{"line":26,"column":12}}},"fnMap":{"0":{"name":"(anonymous_0)","decl":{"start":{"line":8,"column":0},"end":{"line":8,"column":5}},"loc":{"start":{"line":8,"column":13},"end":{"line":17,"column":1}}}},"branchMap":{"0":{"loc":{"start":{"line":8,"column":5},"end":{"line":8,"column":null}},"type":"binary-expr","locations":[{"start":{"line":8,"column":5},"end":{"line":8,"column":13}},{"start":{"line":8,"column":5},"end":{"line":8,"column":null}}]}},"s":{"0":6,"1":6,"2":6,"3":6,"4":6,"5":6,"6":6,"7":6,"8":6,"9":6},"f":{"0":6},"b":{"0":[6,6]}}
,"/home/arun/Projects/kingdom_nation_temp/christmas-event/src/utils/types/common/routes.type.ts": {"path":"/home/arun/Projects/kingdom_nation_temp/christmas-event/src/utils/types/common/routes.type.ts","statementMap":{"0":{"start":{"line":3,"column":0},"end":{"line":3,"column":null}},"1":{"start":{"line":4,"column":4},"end":{"line":4,"column":null}},"2":{"start":{"line":5,"column":4},"end":{"line":5,"column":null}},"3":{"start":{"line":6,"column":4},"end":{"line":6,"column":null}},"4":{"start":{"line":7,"column":4},"end":{"line":7,"column":null}},"5":{"start":{"line":8,"column":4},"end":{"line":8,"column":null}},"6":{"start":{"line":9,"column":4},"end":{"line":9,"column":null}},"7":{"start":{"line":10,"column":4},"end":{"line":10,"column":null}},"8":{"start":{"line":11,"column":4},"end":{"line":11,"column":null}},"9":{"start":{"line":12,"column":4},"end":{"line":12,"column":null}},"10":{"start":{"line":13,"column":4},"end":{"line":13,"column":null}},"11":{"start":{"line":14,"column":4},"end":{"line":14,"column":null}},"12":{"start":{"line":15,"column":4},"end":{"line":15,"column":null}},"13":{"start":{"line":23,"column":4},"end":{"line":23,"column":16}}},"fnMap":{"0":{"name":"(anonymous_0)","decl":{"start":{"line":3,"column":0},"end":{"line":3,"column":5}},"loc":{"start":{"line":3,"column":17},"end":{"line":16,"column":1}}}},"branchMap":{"0":{"loc":{"start":{"line":3,"column":5},"end":{"line":3,"column":null}},"type":"binary-expr","locations":[{"start":{"line":3,"column":5},"end":{"line":3,"column":17}},{"start":{"line":3,"column":5},"end":{"line":3,"column":null}}]}},"s":{"0":6,"1":6,"2":6,"3":6,"4":6,"5":6,"6":6,"7":6,"8":6,"9":6,"10":6,"11":6,"12":6,"13":6},"f":{"0":6},"b":{"0":[6,6]}}
,"/home/arun/Projects/kingdom_nation_temp/christmas-event/src/utils/types/users/index.ts": {"path":"/home/arun/Projects/kingdom_nation_temp/christmas-event/src/utils/types/users/index.ts","statementMap":{"0":{"start":{"line":2,"column":0},"end":{"line":2,"column":39}},"1":{"start":{"line":4,"column":0},"end":{"line":4,"column":33}},"2":{"start":{"line":6,"column":0},"end":{"line":6,"column":39}},"3":{"start":{"line":8,"column":0},"end":{"line":8,"column":36}},"4":{"start":{"line":10,"column":0},"end":{"line":10,"column":39}}},"fnMap":{},"branchMap":{},"s":{"0":6,"1":6,"2":6,"3":6,"4":6},"f":{},"b":{}}
,"/home/arun/Projects/kingdom_nation_temp/christmas-event/src/utils/validations/array.validation.ts": {"path":"/home/arun/Projects/kingdom_nation_temp/christmas-event/src/utils/validations/array.validation.ts","statementMap":{"0":{"start":{"line":1,"column":0},"end":{"line":1,"column":41}},"1":{"start":{"line":3,"column":23},"end":{"line":8,"column":1}},"2":{"start":{"line":4,"column":4},"end":{"line":4,"column":177}},"3":{"start":{"line":4,"column":72},"end":{"line":4,"column":177}},"4":{"start":{"line":5,"column":4},"end":{"line":5,"column":164}},"5":{"start":{"line":5,"column":49},"end":{"line":5,"column":164}},"6":{"start":{"line":7,"column":4},"end":{"line":7,"column":38}},"7":{"start":{"line":45,"column":4},"end":{"line":45,"column":18}},"8":{"start":{"line":10,"column":23},"end":{"line":15,"column":1}},"9":{"start":{"line":11,"column":4},"end":{"line":11,"column":177}},"10":{"start":{"line":11,"column":72},"end":{"line":11,"column":177}},"11":{"start":{"line":12,"column":4},"end":{"line":12,"column":164}},"12":{"start":{"line":12,"column":49},"end":{"line":12,"column":164}},"13":{"start":{"line":14,"column":4},"end":{"line":14,"column":38}},"14":{"start":{"line":46,"column":4},"end":{"line":46,"column":18}},"15":{"start":{"line":17,"column":22},"end":{"line":24,"column":1}},"16":{"start":{"line":18,"column":4},"end":{"line":18,"column":188}},"17":{"start":{"line":18,"column":72},"end":{"line":18,"column":188}},"18":{"start":{"line":20,"column":4},"end":{"line":21,"column":null}},"19":{"start":{"line":20,"column":20},"end":{"line":20,"column":29}},"20":{"start":{"line":20,"column":16},"end":{"line":20,"column":20}},"21":{"start":{"line":21,"column":8},"end":{"line":21,"column":153}},"22":{"start":{"line":21,"column":37},"end":{"line":21,"column":153}},"23":{"start":{"line":23,"column":4},"end":{"line":23,"column":16}},"24":{"start":{"line":47,"column":4},"end":{"line":47,"column":17}},"25":{"start":{"line":26,"column":22},"end":{"line":33,"column":1}},"26":{"start":{"line":27,"column":4},"end":{"line":27,"column":188}},"27":{"start":{"line":27,"column":72},"end":{"line":27,"column":188}},"28":{"start":{"line":29,"column":4},"end":{"line":30,"column":null}},"29":{"start":{"line":29,"column":20},"end":{"line":29,"column":29}},"30":{"start":{"line":29,"column":16},"end":{"line":29,"column":20}},"31":{"start":{"line":30,"column":8},"end":{"line":30,"column":153}},"32":{"start":{"line":30,"column":37},"end":{"line":30,"column":153}},"33":{"start":{"line":32,"column":4},"end":{"line":32,"column":16}},"34":{"start":{"line":48,"column":4},"end":{"line":48,"column":17}},"35":{"start":{"line":35,"column":23},"end":{"line":42,"column":1}},"36":{"start":{"line":36,"column":4},"end":{"line":36,"column":189}},"37":{"start":{"line":36,"column":72},"end":{"line":36,"column":189}},"38":{"start":{"line":38,"column":4},"end":{"line":39,"column":null}},"39":{"start":{"line":38,"column":20},"end":{"line":38,"column":29}},"40":{"start":{"line":38,"column":16},"end":{"line":38,"column":20}},"41":{"start":{"line":39,"column":8},"end":{"line":39,"column":155}},"42":{"start":{"line":39,"column":38},"end":{"line":39,"column":155}},"43":{"start":{"line":41,"column":4},"end":{"line":41,"column":16}},"44":{"start":{"line":49,"column":4},"end":{"line":49,"column":18}}},"fnMap":{"0":{"name":"(anonymous_0)","decl":{"start":{"line":3,"column":23},"end":{"line":3,"column":24}},"loc":{"start":{"line":3,"column":61},"end":{"line":8,"column":1}}},"1":{"name":"(anonymous_1)","decl":{"start":{"line":10,"column":23},"end":{"line":10,"column":24}},"loc":{"start":{"line":10,"column":61},"end":{"line":15,"column":1}}},"2":{"name":"(anonymous_2)","decl":{"start":{"line":17,"column":22},"end":{"line":17,"column":23}},"loc":{"start":{"line":17,"column":47},"end":{"line":24,"column":1}}},"3":{"name":"(anonymous_3)","decl":{"start":{"line":26,"column":22},"end":{"line":26,"column":23}},"loc":{"start":{"line":26,"column":47},"end":{"line":33,"column":1}}},"4":{"name":"(anonymous_4)","decl":{"start":{"line":35,"column":23},"end":{"line":35,"column":24}},"loc":{"start":{"line":35,"column":49},"end":{"line":42,"column":1}}}},"branchMap":{"0":{"loc":{"start":{"line":4,"column":4},"end":{"line":4,"column":177}},"type":"if","locations":[{"start":{"line":4,"column":4},"end":{"line":4,"column":177}}]},"1":{"loc":{"start":{"line":4,"column":8},"end":{"line":4,"column":70}},"type":"binary-expr","locations":[{"start":{"line":4,"column":8},"end":{"line":4,"column":18}},{"start":{"line":4,"column":23},"end":{"line":4,"column":69}}]},"2":{"loc":{"start":{"line":5,"column":4},"end":{"line":5,"column":164}},"type":"if","locations":[{"start":{"line":5,"column":4},"end":{"line":5,"column":164}}]},"3":{"loc":{"start":{"line":5,"column":8},"end":{"line":5,"column":47}},"type":"binary-expr","locations":[{"start":{"line":5,"column":8},"end":{"line":5,"column":15}},{"start":{"line":5,"column":20},"end":{"line":5,"column":46}}]},"4":{"loc":{"start":{"line":11,"column":4},"end":{"line":11,"column":177}},"type":"if","locations":[{"start":{"line":11,"column":4},"end":{"line":11,"column":177}}]},"5":{"loc":{"start":{"line":11,"column":8},"end":{"line":11,"column":70}},"type":"binary-expr","locations":[{"start":{"line":11,"column":8},"end":{"line":11,"column":18}},{"start":{"line":11,"column":23},"end":{"line":11,"column":69}}]},"6":{"loc":{"start":{"line":12,"column":4},"end":{"line":12,"column":164}},"type":"if","locations":[{"start":{"line":12,"column":4},"end":{"line":12,"column":164}}]},"7":{"loc":{"start":{"line":12,"column":8},"end":{"line":12,"column":47}},"type":"binary-expr","locations":[{"start":{"line":12,"column":8},"end":{"line":12,"column":15}},{"start":{"line":12,"column":20},"end":{"line":12,"column":46}}]},"8":{"loc":{"start":{"line":18,"column":4},"end":{"line":18,"column":188}},"type":"if","locations":[{"start":{"line":18,"column":4},"end":{"line":18,"column":188}}]},"9":{"loc":{"start":{"line":18,"column":8},"end":{"line":18,"column":70}},"type":"binary-expr","locations":[{"start":{"line":18,"column":8},"end":{"line":18,"column":18}},{"start":{"line":18,"column":23},"end":{"line":18,"column":69}}]},"10":{"loc":{"start":{"line":21,"column":8},"end":{"line":21,"column":153}},"type":"if","locations":[{"start":{"line":21,"column":8},"end":{"line":21,"column":153}}]},"11":{"loc":{"start":{"line":27,"column":4},"end":{"line":27,"column":188}},"type":"if","locations":[{"start":{"line":27,"column":4},"end":{"line":27,"column":188}}]},"12":{"loc":{"start":{"line":27,"column":8},"end":{"line":27,"column":70}},"type":"binary-expr","locations":[{"start":{"line":27,"column":8},"end":{"line":27,"column":18}},{"start":{"line":27,"column":23},"end":{"line":27,"column":69}}]},"13":{"loc":{"start":{"line":30,"column":8},"end":{"line":30,"column":153}},"type":"if","locations":[{"start":{"line":30,"column":8},"end":{"line":30,"column":153}}]},"14":{"loc":{"start":{"line":36,"column":4},"end":{"line":36,"column":189}},"type":"if","locations":[{"start":{"line":36,"column":4},"end":{"line":36,"column":189}}]},"15":{"loc":{"start":{"line":36,"column":8},"end":{"line":36,"column":70}},"type":"binary-expr","locations":[{"start":{"line":36,"column":8},"end":{"line":36,"column":18}},{"start":{"line":36,"column":23},"end":{"line":36,"column":69}}]},"16":{"loc":{"start":{"line":39,"column":8},"end":{"line":39,"column":155}},"type":"if","locations":[{"start":{"line":39,"column":8},"end":{"line":39,"column":155}}]}},"s":{"0":1,"1":1,"2":11,"3":4,"4":7,"5":4,"6":3,"7":1,"8":1,"9":11,"10":4,"11":7,"12":4,"13":3,"14":1,"15":1,"16":5,"17":2,"18":3,"19":6,"20":4,"21":4,"22":2,"23":1,"24":1,"25":1,"26":5,"27":2,"28":3,"29":6,"30":4,"31":4,"32":2,"33":1,"34":1,"35":1,"36":5,"37":2,"38":3,"39":6,"40":5,"41":5,"42":2,"43":1,"44":1},"f":{"0":11,"1":11,"2":5,"3":5,"4":5},"b":{"0":[4],"1":[11,9],"2":[4],"3":[7,5],"4":[4],"5":[11,9],"6":[4],"7":[7,5],"8":[2],"9":[5,3],"10":[2],"11":[2],"12":[5,3],"13":[2],"14":[2],"15":[5,3],"16":[2]}}
,"/home/arun/Projects/kingdom_nation_temp/christmas-event/src/utils/validations/number.validation.ts": {"path":"/home/arun/Projects/kingdom_nation_temp/christmas-event/src/utils/validations/number.validation.ts","statementMap":{"0":{"start":{"line":1,"column":0},"end":{"line":1,"column":41}},"1":{"start":{"line":5,"column":23},"end":{"line":10,"column":1}},"2":{"start":{"line":6,"column":4},"end":{"line":6,"column":181}},"3":{"start":{"line":6,"column":76},"end":{"line":6,"column":181}},"4":{"start":{"line":7,"column":4},"end":{"line":7,"column":187}},"5":{"start":{"line":7,"column":73},"end":{"line":7,"column":187}},"6":{"start":{"line":9,"column":4},"end":{"line":9,"column":35}},"7":{"start":{"line":20,"column":4},"end":{"line":20,"column":18}},"8":{"start":{"line":12,"column":23},"end":{"line":17,"column":1}},"9":{"start":{"line":13,"column":4},"end":{"line":13,"column":181}},"10":{"start":{"line":13,"column":76},"end":{"line":13,"column":181}},"11":{"start":{"line":14,"column":4},"end":{"line":14,"column":187}},"12":{"start":{"line":14,"column":73},"end":{"line":14,"column":187}},"13":{"start":{"line":16,"column":4},"end":{"line":16,"column":35}},"14":{"start":{"line":21,"column":4},"end":{"line":21,"column":18}}},"fnMap":{"0":{"name":"(anonymous_0)","decl":{"start":{"line":5,"column":23},"end":{"line":5,"column":24}},"loc":{"start":{"line":5,"column":59},"end":{"line":10,"column":1}}},"1":{"name":"(anonymous_1)","decl":{"start":{"line":12,"column":23},"end":{"line":12,"column":24}},"loc":{"start":{"line":12,"column":59},"end":{"line":17,"column":1}}}},"branchMap":{"0":{"loc":{"start":{"line":6,"column":4},"end":{"line":6,"column":181}},"type":"if","locations":[{"start":{"line":6,"column":4},"end":{"line":6,"column":181}}]},"1":{"loc":{"start":{"line":6,"column":8},"end":{"line":6,"column":74}},"type":"binary-expr","locations":[{"start":{"line":6,"column":9},"end":{"line":6,"column":24}},{"start":{"line":6,"column":28},"end":{"line":6,"column":38}},{"start":{"line":6,"column":44},"end":{"line":6,"column":73}}]},"2":{"loc":{"start":{"line":7,"column":4},"end":{"line":7,"column":187}},"type":"if","locations":[{"start":{"line":7,"column":4},"end":{"line":7,"column":187}}]},"3":{"loc":{"start":{"line":7,"column":8},"end":{"line":7,"column":71}},"type":"binary-expr","locations":[{"start":{"line":7,"column":9},"end":{"line":7,"column":23}},{"start":{"line":7,"column":27},"end":{"line":7,"column":36}},{"start":{"line":7,"column":42},"end":{"line":7,"column":70}}]},"4":{"loc":{"start":{"line":13,"column":4},"end":{"line":13,"column":181}},"type":"if","locations":[{"start":{"line":13,"column":4},"end":{"line":13,"column":181}}]},"5":{"loc":{"start":{"line":13,"column":8},"end":{"line":13,"column":74}},"type":"binary-expr","locations":[{"start":{"line":13,"column":9},"end":{"line":13,"column":24}},{"start":{"line":13,"column":28},"end":{"line":13,"column":38}},{"start":{"line":13,"column":44},"end":{"line":13,"column":73}}]},"6":{"loc":{"start":{"line":14,"column":4},"end":{"line":14,"column":187}},"type":"if","locations":[{"start":{"line":14,"column":4},"end":{"line":14,"column":187}}]},"7":{"loc":{"start":{"line":14,"column":8},"end":{"line":14,"column":71}},"type":"binary-expr","locations":[{"start":{"line":14,"column":9},"end":{"line":14,"column":23}},{"start":{"line":14,"column":27},"end":{"line":14,"column":36}},{"start":{"line":14,"column":42},"end":{"line":14,"column":70}}]}},"s":{"0":1,"1":1,"2":9,"3":4,"4":5,"5":2,"6":3,"7":1,"8":1,"9":9,"10":4,"11":5,"12":2,"13":3,"14":1},"f":{"0":9,"1":9},"b":{"0":[4],"1":[9,8,7],"2":[2],"3":[5,5,3],"4":[4],"5":[9,8,7],"6":[2],"7":[5,5,3]}}
,"/home/arun/Projects/kingdom_nation_temp/christmas-event/src/utils/validations/object.validation.ts": {"path":"/home/arun/Projects/kingdom_nation_temp/christmas-event/src/utils/validations/object.validation.ts","statementMap":{"0":{"start":{"line":1,"column":0},"end":{"line":1,"column":41}},"1":{"start":{"line":4,"column":24},"end":{"line":8,"column":1}},"2":{"start":{"line":5,"column":4},"end":{"line":5,"column":155}},"3":{"start":{"line":5,"column":49},"end":{"line":5,"column":155}},"4":{"start":{"line":7,"column":4},"end":{"line":7,"column":51}},"5":{"start":{"line":31,"column":4},"end":{"line":31,"column":19}},"6":{"start":{"line":10,"column":28},"end":{"line":12,"column":1}},"7":{"start":{"line":11,"column":4},"end":{"line":11,"column":37}},"8":{"start":{"line":32,"column":4},"end":{"line":32,"column":23}},"9":{"start":{"line":14,"column":20},"end":{"line":28,"column":1}},"10":{"start":{"line":15,"column":4},"end":{"line":15,"column":179}},"11":{"start":{"line":15,"column":73},"end":{"line":15,"column":179}},"12":{"start":{"line":16,"column":4},"end":{"line":16,"column":135}},"13":{"start":{"line":16,"column":17},"end":{"line":16,"column":135}},"14":{"start":{"line":17,"column":4},"end":{"line":19,"column":7}},"15":{"start":{"line":18,"column":8},"end":{"line":18,"column":157}},"16":{"start":{"line":18,"column":39},"end":{"line":18,"column":157}},"17":{"start":{"line":21,"column":36},"end":{"line":21,"column":38}},"18":{"start":{"line":23,"column":8},"end":{"line":23,"column":78}},"19":{"start":{"line":23,"column":36},"end":{"line":23,"column":50}},"20":{"start":{"line":23,"column":52},"end":{"line":23,"column":78}},"21":{"start":{"line":22,"column":4},"end":{"line":23,"column":null}},"22":{"start":{"line":22,"column":13},"end":{"line":22,"column":20}},"23":{"start":{"line":25,"column":4},"end":{"line":25,"column":45}},"24":{"start":{"line":25,"column":32},"end":{"line":25,"column":45}},"25":{"start":{"line":27,"column":4},"end":{"line":27,"column":16}},"26":{"start":{"line":33,"column":4},"end":{"line":33,"column":15}}},"fnMap":{"0":{"name":"(anonymous_0)","decl":{"start":{"line":4,"column":24},"end":{"line":4,"column":25}},"loc":{"start":{"line":4,"column":70},"end":{"line":8,"column":1}}},"1":{"name":"(anonymous_1)","decl":{"start":{"line":10,"column":28},"end":{"line":10,"column":29}},"loc":{"start":{"line":10,"column":43},"end":{"line":12,"column":1}}},"2":{"name":"(anonymous_2)","decl":{"start":{"line":14,"column":20},"end":{"line":14,"column":21}},"loc":{"start":{"line":14,"column":69},"end":{"line":28,"column":1}}},"3":{"name":"(anonymous_3)","decl":{"start":{"line":17,"column":19},"end":{"line":17,"column":20}},"loc":{"start":{"line":17,"column":25},"end":{"line":19,"column":5}}},"4":{"name":"(anonymous_5)","decl":{"start":{"line":23,"column":25},"end":{"line":23,"column":26}},"loc":{"start":{"line":23,"column":31},"end":{"line":23,"column":41}}}},"branchMap":{"0":{"loc":{"start":{"line":5,"column":4},"end":{"line":5,"column":155}},"type":"if","locations":[{"start":{"line":5,"column":4},"end":{"line":5,"column":155}}]},"1":{"loc":{"start":{"line":15,"column":4},"end":{"line":15,"column":179}},"type":"if","locations":[{"start":{"line":15,"column":4},"end":{"line":15,"column":179}}]},"2":{"loc":{"start":{"line":15,"column":8},"end":{"line":15,"column":71}},"type":"binary-expr","locations":[{"start":{"line":15,"column":8},"end":{"line":15,"column":18}},{"start":{"line":15,"column":23},"end":{"line":15,"column":70}}]},"3":{"loc":{"start":{"line":16,"column":4},"end":{"line":16,"column":135}},"type":"if","locations":[{"start":{"line":16,"column":4},"end":{"line":16,"column":135}}]},"4":{"loc":{"start":{"line":18,"column":8},"end":{"line":18,"column":157}},"type":"if","locations":[{"start":{"line":18,"column":8},"end":{"line":18,"column":157}}]},"5":{"loc":{"start":{"line":23,"column":8},"end":{"line":23,"column":78}},"type":"if","locations":[{"start":{"line":23,"column":8},"end":{"line":23,"column":78}}]},"6":{"loc":{"start":{"line":25,"column":4},"end":{"line":25,"column":45}},"type":"if","locations":[{"start":{"line":25,"column":4},"end":{"line":25,"column":45}}]}},"s":{"0":1,"1":1,"2":4,"3":2,"4":2,"5":1,"6":1,"7":9,"8":1,"9":1,"10":14,"11":4,"12":10,"13":2,"14":8,"15":9,"16":6,"17":2,"18":4,"19":5,"20":1,"21":2,"22":4,"23":2,"24":1,"25":1,"26":1},"f":{"0":4,"1":9,"2":14,"3":9,"4":5},"b":{"0":[2],"1":[4],"2":[14,12],"3":[2],"4":[6],"5":[1],"6":[1]}}
,"/home/arun/Projects/kingdom_nation_temp/christmas-event/src/utils/validations/string.validation.ts": {"path":"/home/arun/Projects/kingdom_nation_temp/christmas-event/src/utils/validations/string.validation.ts","statementMap":{"0":{"start":{"line":1,"column":0},"end":{"line":1,"column":41}},"1":{"start":{"line":3,"column":23},"end":{"line":10,"column":1}},"2":{"start":{"line":4,"column":4},"end":{"line":4,"column":160}},"3":{"start":{"line":4,"column":55},"end":{"line":4,"column":160}},"4":{"start":{"line":5,"column":4},"end":{"line":5,"column":164}},"5":{"start":{"line":5,"column":49},"end":{"line":5,"column":164}},"6":{"start":{"line":7,"column":4},"end":{"line":7,"column":48}},"7":{"start":{"line":7,"column":36},"end":{"line":7,"column":48}},"8":{"start":{"line":9,"column":4},"end":{"line":9,"column":17}},"9":{"start":{"line":38,"column":4},"end":{"line":38,"column":18}},"10":{"start":{"line":12,"column":23},"end":{"line":19,"column":1}},"11":{"start":{"line":13,"column":4},"end":{"line":13,"column":160}},"12":{"start":{"line":13,"column":55},"end":{"line":13,"column":160}},"13":{"start":{"line":14,"column":4},"end":{"line":14,"column":164}},"14":{"start":{"line":14,"column":49},"end":{"line":14,"column":164}},"15":{"start":{"line":16,"column":4},"end":{"line":16,"column":48}},"16":{"start":{"line":16,"column":36},"end":{"line":16,"column":48}},"17":{"start":{"line":18,"column":4},"end":{"line":18,"column":17}},"18":{"start":{"line":39,"column":4},"end":{"line":39,"column":18}},"19":{"start":{"line":21,"column":24},"end":{"line":29,"column":1}},"20":{"start":{"line":22,"column":4},"end":{"line":22,"column":160}},"21":{"start":{"line":22,"column":55},"end":{"line":22,"column":160}},"22":{"start":{"line":24,"column":4},"end":{"line":28,"column":10}},"23":{"start":{"line":40,"column":4},"end":{"line":40,"column":19}},"24":{"start":{"line":31,"column":22},"end":{"line":35,"column":1}},"25":{"start":{"line":32,"column":4},"end":{"line":32,"column":182}},"26":{"start":{"line":32,"column":77},"end":{"line":32,"column":182}},"27":{"start":{"line":34,"column":4},"end":{"line":34,"column":16}},"28":{"start":{"line":41,"column":4},"end":{"line":41,"column":17}}},"fnMap":{"0":{"name":"(anonymous_0)","decl":{"start":{"line":3,"column":23},"end":{"line":3,"column":24}},"loc":{"start":{"line":3,"column":57},"end":{"line":10,"column":1}}},"1":{"name":"(anonymous_1)","decl":{"start":{"line":12,"column":23},"end":{"line":12,"column":24}},"loc":{"start":{"line":12,"column":57},"end":{"line":19,"column":1}}},"2":{"name":"(anonymous_2)","decl":{"start":{"line":21,"column":24},"end":{"line":21,"column":25}},"loc":{"start":{"line":21,"column":42},"end":{"line":29,"column":1}}},"3":{"name":"(anonymous_3)","decl":{"start":{"line":31,"column":22},"end":{"line":31,"column":23}},"loc":{"start":{"line":31,"column":40},"end":{"line":35,"column":1}}}},"branchMap":{"0":{"loc":{"start":{"line":4,"column":4},"end":{"line":4,"column":160}},"type":"if","locations":[{"start":{"line":4,"column":4},"end":{"line":4,"column":160}}]},"1":{"loc":{"start":{"line":4,"column":8},"end":{"line":4,"column":53}},"type":"binary-expr","locations":[{"start":{"line":4,"column":8},"end":{"line":4,"column":18}},{"start":{"line":4,"column":23},"end":{"line":4,"column":52}}]},"2":{"loc":{"start":{"line":5,"column":4},"end":{"line":5,"column":164}},"type":"if","locations":[{"start":{"line":5,"column":4},"end":{"line":5,"column":164}}]},"3":{"loc":{"start":{"line":5,"column":8},"end":{"line":5,"column":47}},"type":"binary-expr","locations":[{"start":{"line":5,"column":8},"end":{"line":5,"column":15}},{"start":{"line":5,"column":20},"end":{"line":5,"column":46}}]},"4":{"loc":{"start":{"line":7,"column":4},"end":{"line":7,"column":48}},"type":"if","locations":[{"start":{"line":7,"column":4},"end":{"line":7,"column":48}}]},"5":{"loc":{"start":{"line":13,"column":4},"end":{"line":13,"column":160}},"type":"if","locations":[{"start":{"line":13,"column":4},"end":{"line":13,"column":160}}]},"6":{"loc":{"start":{"line":13,"column":8},"end":{"line":13,"column":53}},"type":"binary-expr","locations":[{"start":{"line":13,"column":8},"end":{"line":13,"column":18}},{"start":{"line":13,"column":23},"end":{"line":13,"column":52}}]},"7":{"loc":{"start":{"line":14,"column":4},"end":{"line":14,"column":164}},"type":"if","locations":[{"start":{"line":14,"column":4},"end":{"line":14,"column":164}}]},"8":{"loc":{"start":{"line":14,"column":8},"end":{"line":14,"column":47}},"type":"binary-expr","locations":[{"start":{"line":14,"column":8},"end":{"line":14,"column":15}},{"start":{"line":14,"column":20},"end":{"line":14,"column":46}}]},"9":{"loc":{"start":{"line":16,"column":4},"end":{"line":16,"column":48}},"type":"if","locations":[{"start":{"line":16,"column":4},"end":{"line":16,"column":48}}]},"10":{"loc":{"start":{"line":22,"column":4},"end":{"line":22,"column":160}},"type":"if","locations":[{"start":{"line":22,"column":4},"end":{"line":22,"column":160}}]},"11":{"loc":{"start":{"line":22,"column":8},"end":{"line":22,"column":53}},"type":"binary-expr","locations":[{"start":{"line":22,"column":8},"end":{"line":22,"column":18}},{"start":{"line":22,"column":23},"end":{"line":22,"column":52}}]},"12":{"loc":{"start":{"line":32,"column":4},"end":{"line":32,"column":182}},"type":"if","locations":[{"start":{"line":32,"column":4},"end":{"line":32,"column":182}}]},"13":{"loc":{"start":{"line":32,"column":8},"end":{"line":32,"column":75}},"type":"binary-expr","locations":[{"start":{"line":32,"column":9},"end":{"line":32,"column":25}},{"start":{"line":32,"column":29},"end":{"line":32,"column":39}},{"start":{"line":32,"column":45},"end":{"line":32,"column":74}}]}},"s":{"0":1,"1":1,"2":11,"3":4,"4":7,"5":4,"6":3,"7":2,"8":1,"9":1,"10":1,"11":11,"12":4,"13":7,"14":4,"15":3,"16":2,"17":1,"18":1,"19":1,"20":11,"21":4,"22":7,"23":1,"24":1,"25":6,"26":4,"27":2,"28":1},"f":{"0":11,"1":11,"2":11,"3":6},"b":{"0":[4],"1":[11,9],"2":[4],"3":[7,5],"4":[2],"5":[4],"6":[11,9],"7":[4],"8":[7,5],"9":[2],"10":[4],"11":[11,9],"12":[4],"13":[6,5,4]}}
,"/home/arun/Projects/kingdom_nation_temp/christmas-event/src/utils/validations/type-check.validation.ts": {"path":"/home/arun/Projects/kingdom_nation_temp/christmas-event/src/utils/validations/type-check.validation.ts","statementMap":{"0":{"start":{"line":1,"column":0},"end":{"line":1,"column":41}},"1":{"start":{"line":3,"column":27},"end":{"line":7,"column":1}},"2":{"start":{"line":4,"column":4},"end":{"line":4,"column":125}},"3":{"start":{"line":4,"column":20},"end":{"line":4,"column":125}},"4":{"start":{"line":6,"column":4},"end":{"line":6,"column":43}},"5":{"start":{"line":35,"column":4},"end":{"line":35,"column":22}},"6":{"start":{"line":9,"column":27},"end":{"line":13,"column":1}},"7":{"start":{"line":10,"column":4},"end":{"line":10,"column":144}},"8":{"start":{"line":10,"column":39},"end":{"line":10,"column":144}},"9":{"start":{"line":12,"column":4},"end":{"line":12,"column":43}},"10":{"start":{"line":36,"column":4},"end":{"line":36,"column":22}},"11":{"start":{"line":15,"column":28},"end":{"line":19,"column":1}},"12":{"start":{"line":16,"column":4},"end":{"line":16,"column":149}},"13":{"start":{"line":16,"column":43},"end":{"line":16,"column":149}},"14":{"start":{"line":18,"column":4},"end":{"line":18,"column":44}},"15":{"start":{"line":37,"column":4},"end":{"line":37,"column":23}},"16":{"start":{"line":21,"column":27},"end":{"line":25,"column":1}},"17":{"start":{"line":22,"column":4},"end":{"line":22,"column":126}},"18":{"start":{"line":22,"column":20},"end":{"line":22,"column":126}},"19":{"start":{"line":24,"column":4},"end":{"line":24,"column":61}},"20":{"start":{"line":38,"column":4},"end":{"line":38,"column":22}},"21":{"start":{"line":27,"column":26},"end":{"line":31,"column":1}},"22":{"start":{"line":28,"column":4},"end":{"line":28,"column":125}},"23":{"start":{"line":28,"column":20},"end":{"line":28,"column":125}},"24":{"start":{"line":30,"column":4},"end":{"line":30,"column":60}},"25":{"start":{"line":39,"column":4},"end":{"line":39,"column":21}}},"fnMap":{"0":{"name":"(anonymous_0)","decl":{"start":{"line":3,"column":27},"end":{"line":3,"column":28}},"loc":{"start":{"line":3,"column":45},"end":{"line":7,"column":1}}},"1":{"name":"(anonymous_1)","decl":{"start":{"line":9,"column":27},"end":{"line":9,"column":28}},"loc":{"start":{"line":9,"column":45},"end":{"line":13,"column":1}}},"2":{"name":"(anonymous_2)","decl":{"start":{"line":15,"column":28},"end":{"line":15,"column":29}},"loc":{"start":{"line":15,"column":47},"end":{"line":19,"column":1}}},"3":{"name":"(anonymous_3)","decl":{"start":{"line":21,"column":27},"end":{"line":21,"column":28}},"loc":{"start":{"line":21,"column":58},"end":{"line":25,"column":1}}},"4":{"name":"(anonymous_4)","decl":{"start":{"line":27,"column":26},"end":{"line":27,"column":27}},"loc":{"start":{"line":27,"column":48},"end":{"line":31,"column":1}}}},"branchMap":{"0":{"loc":{"start":{"line":4,"column":4},"end":{"line":4,"column":125}},"type":"if","locations":[{"start":{"line":4,"column":4},"end":{"line":4,"column":125}}]},"1":{"loc":{"start":{"line":10,"column":4},"end":{"line":10,"column":144}},"type":"if","locations":[{"start":{"line":10,"column":4},"end":{"line":10,"column":144}}]},"2":{"loc":{"start":{"line":10,"column":8},"end":{"line":10,"column":37}},"type":"binary-expr","locations":[{"start":{"line":10,"column":8},"end":{"line":10,"column":23}},{"start":{"line":10,"column":27},"end":{"line":10,"column":37}}]},"3":{"loc":{"start":{"line":16,"column":4},"end":{"line":16,"column":149}},"type":"if","locations":[{"start":{"line":16,"column":4},"end":{"line":16,"column":149}}]},"4":{"loc":{"start":{"line":16,"column":8},"end":{"line":16,"column":41}},"type":"binary-expr","locations":[{"start":{"line":16,"column":8},"end":{"line":16,"column":27}},{"start":{"line":16,"column":31},"end":{"line":16,"column":41}}]},"5":{"loc":{"start":{"line":22,"column":4},"end":{"line":22,"column":126}},"type":"if","locations":[{"start":{"line":22,"column":4},"end":{"line":22,"column":126}}]},"6":{"loc":{"start":{"line":28,"column":4},"end":{"line":28,"column":125}},"type":"if","locations":[{"start":{"line":28,"column":4},"end":{"line":28,"column":125}}]}},"s":{"0":1,"1":1,"2":8,"3":3,"4":5,"5":1,"6":1,"7":8,"8":2,"9":6,"10":1,"11":1,"12":8,"13":2,"14":6,"15":1,"16":1,"17":7,"18":2,"19":5,"20":1,"21":1,"22":7,"23":2,"24":5,"25":1},"f":{"0":8,"1":8,"2":8,"3":7,"4":7},"b":{"0":[3],"1":[2],"2":[8,7],"3":[2],"4":[8,7],"5":[2],"6":[2]}}
,"/home/arun/Projects/kingdom_nation_temp/christmas-event/test/utils/config.ts": {"path":"/home/arun/Projects/kingdom_nation_temp/christmas-event/test/utils/config.ts","statementMap":{"0":{"start":{"line":6,"column":19},"end":{"line":8,"column":2}},"1":{"start":{"line":28,"column":4},"end":{"line":28,"column":14}},"2":{"start":{"line":10,"column":15},"end":{"line":21,"column":2}},"3":{"start":{"line":29,"column":4},"end":{"line":29,"column":10}},"4":{"start":{"line":23,"column":15},"end":{"line":25,"column":2}},"5":{"start":{"line":23,"column":70},"end":{"line":25,"column":2}},"6":{"start":{"line":30,"column":4},"end":{"line":30,"column":10}}},"fnMap":{"0":{"name":"(anonymous_13)","decl":{"start":{"line":23,"column":15},"end":{"line":23,"column":22}},"loc":{"start":{"line":23,"column":70},"end":{"line":25,"column":2}}},"1":{"name":"(anonymous_14)","decl":{"start":{"line":23,"column":70},"end":{"line":23,"column":null}},"loc":{"start":{"line":23,"column":70},"end":{"line":25,"column":2}}}},"branchMap":{},"s":{"0":6,"1":6,"2":6,"3":6,"4":6,"5":6,"6":6},"f":{"0":6,"1":6},"b":{}}
,"/home/arun/Projects/kingdom_nation_temp/christmas-event/test/utils/index.ts": {"path":"/home/arun/Projects/kingdom_nation_temp/christmas-event/test/utils/index.ts","statementMap":{"0":{"start":{"line":2,"column":0},"end":{"line":2,"column":25}}},"fnMap":{},"branchMap":{},"s":{"0":6},"f":{},"b":{}}
}
