TN:
SF:src/app-router.ts
FN:4,(anonymous_1)
FN:7,AppRouter
FN:9,(anonymous_3)
FNF:3
FNH:2
FNDA:6,(anonymous_1)
FNDA:0,AppRouter
FNDA:6,(anonymous_3)
DA:1,6
DA:4,6
DA:9,6
DA:10,6
DA:12,6
DA:14,6
DA:17,6
LF:7
LH:7
BRDA:10,0,0,6
BRF:1
BRH:1
end_of_record
TN:
SF:src/server.ts
FNF:0
FNH:0
DA:1,6
DA:2,6
DA:3,6
DA:4,6
DA:5,6
DA:7,6
DA:10,6
DA:12,6
DA:13,0
DA:18,0
DA:19,6
DA:21,6
LF:12
LH:10
BRDA:12,0,0,0
BRDA:12,0,1,6
BRDA:12,1,0,6
BRDA:12,1,1,6
BRF:4
BRH:3
end_of_record
TN:
SF:src/users/index.ts
FNF:0
FNH:0
DA:3,6
DA:6,6
DA:9,6
LF:3
LH:3
BRF:0
BRH:0
end_of_record
TN:
SF:src/users/controllers/user.controller.ts
FN:10,(anonymous_2)
FN:12,(anonymous_4)
FNF:2
FNH:1
FNDA:6,(anonymous_2)
FNDA:0,(anonymous_4)
DA:2,6
DA:4,6
DA:5,6
DA:6,6
DA:10,6
DA:12,6
DA:13,6
DA:17,6
DA:20,6
LF:9
LH:9
BRF:0
BRH:0
end_of_record
TN:
SF:src/users/pipes/user.pipe.ts
FN:5,(anonymous_0)
FN:9,UserPipe
FN:11,(anonymous_2)
FNF:3
FNH:1
FNDA:6,(anonymous_0)
FNDA:0,UserPipe
FNDA:0,(anonymous_2)
DA:5,6
DA:11,6
DA:12,0
DA:14,0
DA:18,6
DA:21,6
LF:6
LH:4
BRDA:12,0,0,0
BRF:1
BRH:0
end_of_record
TN:
SF:src/users/services/user.service.ts
FN:5,(anonymous_0)
FN:12,UserService
FN:16,(anonymous_2)
FNF:3
FNH:1
FNDA:6,(anonymous_0)
FNDA:0,UserService
FNDA:0,(anonymous_2)
DA:2,6
DA:5,6
DA:8,0
DA:9,0
DA:13,0
DA:16,6
DA:17,0
DA:19,0
DA:23,6
DA:26,6
LF:10
LH:5
BRDA:17,0,0,0
BRF:1
BRH:0
end_of_record
TN:
SF:src/users/validations/user.validation.ts
FN:5,(anonymous_0)
FN:9,UserValidation
FN:11,(anonymous_2)
FNF:3
FNH:1
FNDA:6,(anonymous_0)
FNDA:0,UserValidation
FNDA:0,(anonymous_2)
DA:5,6
DA:11,6
DA:12,0
DA:14,0
DA:18,6
DA:21,6
LF:6
LH:4
BRDA:12,0,0,0
BRF:1
BRH:0
end_of_record
TN:
SF:src/utils/config.ts
FN:14,(anonymous_9)
FN:15,BaseConfig
FN:21,(anonymous_11)
FN:27,Config
FN:31,(anonymous_13)
FN:36,(anonymous_14)
FN:42,(anonymous_15)
FNF:7
FNH:2
FNDA:6,(anonymous_9)
FNDA:0,BaseConfig
FNDA:6,(anonymous_11)
FNDA:0,Config
FNDA:0,(anonymous_13)
FNDA:0,(anonymous_14)
FNDA:0,(anonymous_15)
DA:1,6
DA:2,6
DA:3,6
DA:14,6
DA:19,6
DA:21,6
DA:24,0
DA:25,0
DA:28,0
DA:31,6
DA:32,0
DA:33,0
DA:36,6
DA:37,0
DA:39,0
DA:42,6
DA:43,0
DA:44,0
DA:45,0
DA:46,0
DA:47,0
DA:50,0
DA:51,0
DA:54,0
DA:55,0
DA:59,0
DA:63,0
DA:65,0
DA:68,6
LF:29
LH:10
BRDA:28,0,0,0
BRDA:28,0,1,0
BRDA:32,1,0,0
BRDA:37,2,0,0
BRDA:46,3,0,0
BRDA:46,3,1,0
BRDA:50,4,0,0
BRDA:50,4,1,0
BRDA:54,5,0,0
BRDA:54,5,1,0
BRF:10
BRH:0
end_of_record
TN:
SF:src/utils/cors.ts
FN:3,(anonymous_0)
FN:18,(anonymous_1)
FNF:2
FNH:0
FNDA:0,(anonymous_0)
FNDA:0,(anonymous_1)
DA:1,6
DA:3,6
DA:4,0
DA:6,0
DA:7,0
DA:8,0
DA:9,0
DA:10,0
DA:11,0
DA:12,0
DA:13,0
DA:17,0
DA:19,0
DA:20,0
DA:22,0
DA:27,0
LF:16
LH:2
BRDA:6,0,0,0
BRDA:6,0,1,0
BRDA:8,1,0,0
BRDA:8,1,1,0
BRDA:10,2,0,0
BRDA:10,2,1,0
BRDA:12,3,0,0
BRDA:19,4,0,0
BRDA:19,4,1,0
BRDA:19,5,0,0
BRDA:19,5,1,0
BRF:11
BRH:0
end_of_record
TN:
SF:src/utils/index.ts
FNF:0
FNH:0
DA:1,6
DA:3,6
DA:5,6
DA:7,6
DA:9,6
DA:11,6
DA:13,6
DA:15,6
DA:17,6
DA:19,6
DA:21,6
DA:23,6
DA:25,6
LF:13
LH:13
BRF:0
BRH:0
end_of_record
TN:
SF:src/utils/loader.ts
FN:9,(anonymous_13)
FN:9,(anonymous_14)
FN:15,(anonymous_16)
FN:18,(anonymous_17)
FNF:4
FNH:0
FNDA:0,(anonymous_13)
FNDA:0,(anonymous_14)
FNDA:0,(anonymous_16)
FNDA:0,(anonymous_17)
DA:3,6
DA:5,6
DA:6,6
DA:9,6
DA:11,0
DA:12,0
DA:15,0
DA:16,0
DA:18,0
DA:19,0
DA:23,0
DA:24,0
DA:27,0
DA:28,0
DA:33,6
LF:15
LH:5
BRF:0
BRH:0
end_of_record
TN:
SF:src/utils/routes.ts
FN:14,(anonymous_1)
FN:17,Routes
FN:19,(anonymous_3)
FN:25,(anonymous_4)
FN:32,(anonymous_5)
FN:39,(anonymous_6)
FN:50,(anonymous_7)
FNF:7
FNH:1
FNDA:6,(anonymous_1)
FNDA:0,Routes
FNDA:0,(anonymous_3)
FNDA:0,(anonymous_4)
FNDA:0,(anonymous_5)
FNDA:0,(anonymous_6)
FNDA:0,(anonymous_7)
DA:1,6
DA:2,6
DA:3,6
DA:4,6
DA:5,6
DA:6,6
DA:8,6
DA:11,6
DA:14,6
DA:16,0
DA:19,6
DA:20,0
DA:22,0
DA:25,6
DA:27,0
DA:28,0
DA:29,0
DA:32,0
DA:33,0
DA:34,0
DA:35,0
DA:39,0
DA:40,0
DA:44,0
DA:47,0
DA:50,0
DA:51,0
DA:58,0
DA:61,6
LF:29
LH:12
BRDA:20,0,0,0
BRDA:33,1,0,0
BRF:2
BRH:0
end_of_record
TN:
SF:src/utils/configs/dev.config.ts
FNF:0
FNH:0
DA:1,6
LF:1
LH:1
BRF:0
BRH:0
end_of_record
TN:
SF:src/utils/configs/index.ts
FNF:0
FNH:0
DA:2,6
DA:4,6
DA:6,6
LF:3
LH:3
BRF:0
BRH:0
end_of_record
TN:
SF:src/utils/configs/prod.config.ts
FNF:0
FNH:0
DA:1,6
LF:1
LH:1
BRF:0
BRH:0
end_of_record
TN:
SF:src/utils/configs/staging.config.ts
FNF:0
FNH:0
DA:1,6
LF:1
LH:1
BRF:0
BRH:0
end_of_record
TN:
SF:src/utils/decorators/controller.decorator.ts
FN:6,controller
FN:7,(anonymous_2)
FNF:2
FNH:2
FNDA:6,controller
FNDA:6,(anonymous_2)
DA:2,6
DA:3,6
DA:7,6
DA:8,6
DA:10,6
DA:11,6
DA:12,6
DA:13,6
DA:14,6
DA:16,6
DA:17,6
DA:24,6
LF:12
LH:12
BRDA:14,0,0,6
BRDA:14,0,1,6
BRDA:16,1,0,6
BRF:3
BRH:3
end_of_record
TN:
SF:src/utils/decorators/index.ts
FNF:0
FNH:0
DA:2,6
DA:4,6
DA:6,6
LF:3
LH:3
BRF:0
BRH:0
end_of_record
TN:
SF:src/utils/decorators/routes.decorator.ts
FN:8,routeBinder
FN:9,get
FN:10,(anonymous_2)
FNF:3
FNH:3
FNDA:72,routeBinder
FNDA:6,get
FNDA:6,(anonymous_2)
DA:2,6
DA:9,72
DA:10,6
DA:11,6
DA:12,6
DA:17,6
DA:18,6
DA:19,6
DA:20,6
DA:21,6
DA:22,6
DA:23,6
DA:24,6
DA:25,6
DA:26,6
DA:27,6
DA:28,6
DA:32,6
DA:33,6
DA:34,6
DA:35,6
DA:36,6
DA:37,6
DA:38,6
DA:39,6
DA:40,6
DA:41,6
DA:42,6
DA:43,6
LF:29
LH:29
BRF:0
BRH:0
end_of_record
TN:
SF:src/utils/decorators/use.decorator.ts
FN:4,use
FN:5,(anonymous_2)
FNF:2
FNH:0
FNDA:0,use
FNDA:0,(anonymous_2)
DA:1,6
DA:5,0
DA:6,0
DA:8,0
DA:13,6
LF:5
LH:2
BRDA:6,0,0,0
BRDA:6,0,1,0
BRF:2
BRH:0
end_of_record
TN:
SF:src/utils/dtos/index.ts
FNF:0
FNH:0
DA:2,6
LF:1
LH:1
BRF:0
BRH:0
end_of_record
TN:
SF:src/utils/dtos/user.dto.ts
FN:2,(anonymous_0)
FNF:1
FNH:1
FNDA:6,(anonymous_0)
DA:2,6
LF:1
LH:1
BRDA:2,0,0,6
BRDA:2,0,1,6
BRF:2
BRH:2
end_of_record
TN:
SF:src/utils/errors/custom.error.ts
FN:2,(anonymous_6)
FN:4,CustomError
FNF:2
FNH:2
FNDA:6,(anonymous_6)
FNDA:93,CustomError
DA:2,6
DA:5,93
DA:8,93
DA:12,6
LF:4
LH:4
BRDA:5,0,0,93
BRDA:5,0,1,0
BRF:2
BRH:1
end_of_record
TN:
SF:src/utils/errors/database-connection.error.ts
FN:4,(anonymous_6)
FN:7,DatabaseConnectionError
FN:14,(anonymous_8)
FNF:3
FNH:1
FNDA:6,(anonymous_6)
FNDA:0,DatabaseConnectionError
FNDA:0,(anonymous_8)
DA:2,6
DA:4,6
DA:5,0
DA:6,0
DA:8,0
DA:11,0
DA:14,6
DA:15,0
DA:17,6
LF:9
LH:4
BRDA:8,0,0,0
BRDA:8,0,1,0
BRF:2
BRH:0
end_of_record
TN:
SF:src/utils/errors/generic.error.ts
FN:5,(anonymous_6)
FN:7,GenericError
FN:15,(anonymous_8)
FNF:3
FNH:2
FNDA:6,(anonymous_6)
FNDA:93,GenericError
FNDA:0,(anonymous_8)
DA:1,6
DA:5,6
DA:7,93
DA:8,93
DA:10,93
DA:12,93
DA:15,6
DA:16,0
DA:17,0
DA:19,6
LF:10
LH:8
BRDA:8,0,0,93
BRDA:8,0,1,0
BRF:2
BRH:1
end_of_record
TN:
SF:src/utils/errors/index.ts
FNF:0
FNH:0
DA:2,6
DA:5,6
DA:8,6
DA:11,6
LF:4
LH:4
BRF:0
BRH:0
end_of_record
TN:
SF:src/utils/errors/storage-connection.error.ts
FN:4,(anonymous_6)
FN:7,StorageConnectionError
FN:14,(anonymous_8)
FNF:3
FNH:1
FNDA:6,(anonymous_6)
FNDA:0,StorageConnectionError
FNDA:0,(anonymous_8)
DA:1,6
DA:4,6
DA:5,0
DA:6,0
DA:8,0
DA:11,0
DA:14,6
DA:15,0
DA:17,6
LF:9
LH:4
BRDA:8,0,0,0
BRDA:8,0,1,0
BRF:2
BRH:0
end_of_record
TN:
SF:src/utils/factories/helper.factory.ts
FN:4,(anonymous_0)
FN:8,HelperFactory
FN:10,(anonymous_2)
FNF:3
FNH:1
FNDA:6,(anonymous_0)
FNDA:0,HelperFactory
FNDA:0,(anonymous_2)
DA:4,6
DA:10,6
DA:11,0
DA:13,0
DA:16,6
DA:19,6
LF:6
LH:4
BRDA:11,0,0,0
BRF:1
BRH:0
end_of_record
TN:
SF:src/utils/factories/index.ts
FNF:0
FNH:0
DA:5,6
DA:8,6
DA:11,6
DA:14,6
DA:17,6
LF:5
LH:5
BRF:0
BRH:0
end_of_record
TN:
SF:src/utils/factories/middleware.factory.ts
FN:3,(anonymous_0)
FN:7,MiddlewareFactory
FN:9,(anonymous_2)
FNF:3
FNH:1
FNDA:6,(anonymous_0)
FNDA:0,MiddlewareFactory
FNDA:0,(anonymous_2)
DA:3,6
DA:9,6
DA:10,0
DA:12,0
DA:16,6
DA:19,6
LF:6
LH:4
BRDA:10,0,0,0
BRF:1
BRH:0
end_of_record
TN:
SF:src/utils/factories/pipe.factory.ts
FN:5,(anonymous_0)
FN:9,PipeFactory
FN:11,(anonymous_2)
FN:17,(anonymous_3)
FNF:4
FNH:3
FNDA:6,(anonymous_0)
FNDA:6,PipeFactory
FNDA:6,(anonymous_2)
FNDA:0,(anonymous_3)
DA:1,6
DA:5,6
DA:11,6
DA:12,6
DA:14,6
DA:17,6
DA:18,0
DA:20,6
DA:23,6
LF:9
LH:8
BRDA:12,0,0,6
BRF:1
BRH:1
end_of_record
TN:
SF:src/utils/factories/service.factory.ts
FN:4,(anonymous_0)
FN:8,ServiceFactory
FN:10,(anonymous_2)
FN:16,(anonymous_3)
FNF:4
FNH:3
FNDA:6,(anonymous_0)
FNDA:6,ServiceFactory
FNDA:6,(anonymous_2)
FNDA:0,(anonymous_3)
DA:1,6
DA:4,6
DA:10,6
DA:11,6
DA:13,6
DA:16,6
DA:17,0
DA:20,6
DA:23,6
LF:9
LH:8
BRDA:11,0,0,6
BRF:1
BRH:1
end_of_record
TN:
SF:src/utils/factories/validation.factory.ts
FN:5,(anonymous_0)
FN:9,ValidationFactory
FN:11,(anonymous_2)
FN:17,(anonymous_3)
FNF:4
FNH:3
FNDA:6,(anonymous_0)
FNDA:6,ValidationFactory
FNDA:6,(anonymous_2)
FNDA:0,(anonymous_3)
DA:1,6
DA:5,6
DA:11,6
DA:12,6
DA:14,6
DA:17,6
DA:18,0
DA:20,6
DA:23,6
LF:9
LH:8
BRDA:12,0,0,6
BRF:1
BRH:1
end_of_record
TN:
SF:src/utils/helpers/index.ts
FNF:0
FNH:0
DA:3,6
DA:5,6
LF:2
LH:2
BRF:0
BRH:0
end_of_record
TN:
SF:src/utils/helpers/path.helper.ts
FN:3,(anonymous_1)
FNF:1
FNH:0
FNDA:0,(anonymous_1)
DA:1,6
DA:3,6
DA:4,0
DA:8,6
LF:4
LH:3
BRF:0
BRH:0
end_of_record
TN:
SF:src/utils/helpers/string.helper.ts
FN:4,(anonymous_0)
FNF:1
FNH:1
FNDA:5,(anonymous_0)
DA:1,6
DA:4,6
DA:5,5
DA:7,1
DA:11,6
LF:5
LH:5
BRDA:5,0,0,4
BRDA:5,1,0,5
BRDA:5,1,1,3
BRF:3
BRH:3
end_of_record
TN:
SF:src/utils/middlewares/error-handler.middleware.ts
FN:5,(anonymous_13)
FN:8,(anonymous_14)
FNF:2
FNH:0
FNDA:0,(anonymous_13)
FNDA:0,(anonymous_14)
DA:2,6
DA:5,6
DA:8,0
DA:10,0
DA:17,0
DA:20,0
DA:21,0
DA:24,0
LF:8
LH:2
BRDA:20,0,0,0
BRF:1
BRH:0
end_of_record
TN:
SF:src/utils/middlewares/index.ts
FNF:0
FNH:0
DA:3,6
LF:1
LH:1
BRF:0
BRH:0
end_of_record
TN:
SF:src/utils/ros/index.ts
FNF:0
FNH:0
DA:2,6
LF:1
LH:1
BRF:0
BRH:0
end_of_record
TN:
SF:src/utils/types/index.ts
FNF:0
FNH:0
DA:2,6
DA:5,6
LF:2
LH:2
BRF:0
BRH:0
end_of_record
TN:
SF:src/utils/types/common/environment.type.ts
FN:2,(anonymous_0)
FNF:1
FNH:1
FNDA:6,(anonymous_0)
DA:2,6
DA:3,6
DA:4,6
DA:5,6
DA:6,6
LF:5
LH:5
BRDA:2,0,0,6
BRDA:2,0,1,6
BRF:2
BRH:2
end_of_record
TN:
SF:src/utils/types/common/index.ts
FNF:0
FNH:0
DA:3,6
DA:6,6
DA:9,6
DA:12,6
DA:15,6
DA:18,6
DA:21,6
DA:24,6
DA:27,6
DA:30,6
LF:10
LH:10
BRF:0
BRH:0
end_of_record
TN:
SF:src/utils/types/common/metadata.type.ts
FN:2,(anonymous_0)
FNF:1
FNH:1
FNDA:6,(anonymous_0)
DA:2,6
DA:3,6
DA:4,6
DA:5,6
DA:9,6
LF:5
LH:5
BRDA:2,0,0,6
BRDA:2,0,1,6
BRF:2
BRH:2
end_of_record
TN:
SF:src/utils/types/common/request-validation-middleware.type.ts
FN:8,(anonymous_0)
FNF:1
FNH:1
FNDA:6,(anonymous_0)
DA:8,6
DA:9,6
DA:10,6
DA:11,6
DA:12,6
DA:13,6
DA:14,6
DA:15,6
DA:16,6
DA:26,6
LF:10
LH:10
BRDA:8,0,0,6
BRDA:8,0,1,6
BRF:2
BRH:2
end_of_record
TN:
SF:src/utils/types/common/routes.type.ts
FN:3,(anonymous_0)
FNF:1
FNH:1
FNDA:6,(anonymous_0)
DA:3,6
DA:4,6
DA:5,6
DA:6,6
DA:7,6
DA:8,6
DA:9,6
DA:10,6
DA:11,6
DA:12,6
DA:13,6
DA:14,6
DA:15,6
DA:23,6
LF:14
LH:14
BRDA:3,0,0,6
BRDA:3,0,1,6
BRF:2
BRH:2
end_of_record
TN:
SF:src/utils/types/users/index.ts
FNF:0
FNH:0
DA:2,6
DA:4,6
DA:6,6
DA:8,6
DA:10,6
LF:5
LH:5
BRF:0
BRH:0
end_of_record
TN:
SF:src/utils/validations/array.validation.ts
FN:3,(anonymous_0)
FN:10,(anonymous_1)
FN:17,(anonymous_2)
FN:26,(anonymous_3)
FN:35,(anonymous_4)
FNF:5
FNH:5
FNDA:11,(anonymous_0)
FNDA:11,(anonymous_1)
FNDA:5,(anonymous_2)
FNDA:5,(anonymous_3)
FNDA:5,(anonymous_4)
DA:1,1
DA:3,1
DA:4,11
DA:5,7
DA:7,3
DA:10,1
DA:11,11
DA:12,7
DA:14,3
DA:17,1
DA:18,5
DA:20,6
DA:21,4
DA:23,1
DA:26,1
DA:27,5
DA:29,6
DA:30,4
DA:32,1
DA:35,1
DA:36,5
DA:38,6
DA:39,5
DA:41,1
DA:45,1
DA:46,1
DA:47,1
DA:48,1
DA:49,1
LF:29
LH:29
BRDA:4,0,0,4
BRDA:4,1,0,11
BRDA:4,1,1,9
BRDA:5,2,0,4
BRDA:5,3,0,7
BRDA:5,3,1,5
BRDA:11,4,0,4
BRDA:11,5,0,11
BRDA:11,5,1,9
BRDA:12,6,0,4
BRDA:12,7,0,7
BRDA:12,7,1,5
BRDA:18,8,0,2
BRDA:18,9,0,5
BRDA:18,9,1,3
BRDA:21,10,0,2
BRDA:27,11,0,2
BRDA:27,12,0,5
BRDA:27,12,1,3
BRDA:30,13,0,2
BRDA:36,14,0,2
BRDA:36,15,0,5
BRDA:36,15,1,3
BRDA:39,16,0,2
BRF:24
BRH:24
end_of_record
TN:
SF:src/utils/validations/number.validation.ts
FN:5,(anonymous_0)
FN:12,(anonymous_1)
FNF:2
FNH:2
FNDA:9,(anonymous_0)
FNDA:9,(anonymous_1)
DA:1,1
DA:5,1
DA:6,9
DA:7,5
DA:9,3
DA:12,1
DA:13,9
DA:14,5
DA:16,3
DA:20,1
DA:21,1
LF:11
LH:11
BRDA:6,0,0,4
BRDA:6,1,0,9
BRDA:6,1,1,8
BRDA:6,1,2,7
BRDA:7,2,0,2
BRDA:7,3,0,5
BRDA:7,3,1,5
BRDA:7,3,2,3
BRDA:13,4,0,4
BRDA:13,5,0,9
BRDA:13,5,1,8
BRDA:13,5,2,7
BRDA:14,6,0,2
BRDA:14,7,0,5
BRDA:14,7,1,5
BRDA:14,7,2,3
BRF:16
BRH:16
end_of_record
TN:
SF:src/utils/validations/object.validation.ts
FN:4,(anonymous_0)
FN:10,(anonymous_1)
FN:14,(anonymous_2)
FN:17,(anonymous_3)
FN:23,(anonymous_5)
FNF:5
FNH:5
FNDA:4,(anonymous_0)
FNDA:9,(anonymous_1)
FNDA:14,(anonymous_2)
FNDA:9,(anonymous_3)
FNDA:5,(anonymous_5)
DA:1,1
DA:4,1
DA:5,4
DA:7,2
DA:10,1
DA:11,9
DA:14,1
DA:15,14
DA:16,10
DA:17,8
DA:18,9
DA:21,2
DA:22,4
DA:23,5
DA:25,2
DA:27,1
DA:31,1
DA:32,1
DA:33,1
LF:19
LH:19
BRDA:5,0,0,2
BRDA:15,1,0,4
BRDA:15,2,0,14
BRDA:15,2,1,12
BRDA:16,3,0,2
BRDA:18,4,0,6
BRDA:23,5,0,1
BRDA:25,6,0,1
BRF:8
BRH:8
end_of_record
TN:
SF:src/utils/validations/string.validation.ts
FN:3,(anonymous_0)
FN:12,(anonymous_1)
FN:21,(anonymous_2)
FN:31,(anonymous_3)
FNF:4
FNH:4
FNDA:11,(anonymous_0)
FNDA:11,(anonymous_1)
FNDA:11,(anonymous_2)
FNDA:6,(anonymous_3)
DA:1,1
DA:3,1
DA:4,11
DA:5,7
DA:7,3
DA:9,1
DA:12,1
DA:13,11
DA:14,7
DA:16,3
DA:18,1
DA:21,1
DA:22,11
DA:24,7
DA:31,1
DA:32,6
DA:34,2
DA:38,1
DA:39,1
DA:40,1
DA:41,1
LF:21
LH:21
BRDA:4,0,0,4
BRDA:4,1,0,11
BRDA:4,1,1,9
BRDA:5,2,0,4
BRDA:5,3,0,7
BRDA:5,3,1,5
BRDA:7,4,0,2
BRDA:13,5,0,4
BRDA:13,6,0,11
BRDA:13,6,1,9
BRDA:14,7,0,4
BRDA:14,8,0,7
BRDA:14,8,1,5
BRDA:16,9,0,2
BRDA:22,10,0,4
BRDA:22,11,0,11
BRDA:22,11,1,9
BRDA:32,12,0,4
BRDA:32,13,0,6
BRDA:32,13,1,5
BRDA:32,13,2,4
BRF:21
BRH:21
end_of_record
TN:
SF:src/utils/validations/type-check.validation.ts
FN:3,(anonymous_0)
FN:9,(anonymous_1)
FN:15,(anonymous_2)
FN:21,(anonymous_3)
FN:27,(anonymous_4)
FNF:5
FNH:5
FNDA:8,(anonymous_0)
FNDA:8,(anonymous_1)
FNDA:8,(anonymous_2)
FNDA:7,(anonymous_3)
FNDA:7,(anonymous_4)
DA:1,1
DA:3,1
DA:4,8
DA:6,5
DA:9,1
DA:10,8
DA:12,6
DA:15,1
DA:16,8
DA:18,6
DA:21,1
DA:22,7
DA:24,5
DA:27,1
DA:28,7
DA:30,5
DA:35,1
DA:36,1
DA:37,1
DA:38,1
DA:39,1
LF:21
LH:21
BRDA:4,0,0,3
BRDA:10,1,0,2
BRDA:10,2,0,8
BRDA:10,2,1,7
BRDA:16,3,0,2
BRDA:16,4,0,8
BRDA:16,4,1,7
BRDA:22,5,0,2
BRDA:28,6,0,2
BRF:9
BRH:9
end_of_record
TN:
SF:test/utils/config.ts
FN:11,(anonymous_13)
FN:11,(anonymous_14)
FNF:2
FNH:2
FNDA:6,(anonymous_13)
FNDA:6,(anonymous_14)
DA:5,6
DA:11,6
DA:16,6
DA:17,6
LF:4
LH:4
BRF:0
BRH:0
end_of_record
TN:
SF:test/utils/index.ts
FNF:0
FNH:0
DA:2,6
LF:1
LH:1
BRF:0
BRH:0
end_of_record
